

<!DOCTYPE html>
<html>
<head>
	<meta charset='utf-8' /> 
	<meta name='description' content='' />
	<meta name='robots' content='noodp, noydir' />
	<meta name='viewport' content='width=device-width, initial-scale=1' />
	<meta id="timeStampFormat" name="timeStampFormat" content='MMM d, yyyy hh:mm:ss a'/>
	
	<link href='https://fonts.googleapis.com/css?family=Source+Sans+Pro:400,600' rel='stylesheet' type='text/css' />
	<link href="https://fonts.googleapis.com/icon?family=Material+Icons" rel="stylesheet" />
	<link href='https://cdn.rawgit.com/extent-framework/extent-github-cdn/b65cd69/v3html/css/extent.css' type='text/css' rel='stylesheet' />
	
	<title>ExtentReports</title>

	<style type='text/css'>
		/* json-tree */
		.jstBracket,.jstComma,.jstValue{white-space:pre-wrap}.jstValue{font-size:10px;font-weight:400;font-family:"Lucida Console",Monaco,monospace}.jstProperty{color:#666;word-wrap:break-word}.jstBool{color:#2525CC}.jstNum{color:#D036D0}.jstNull{color:gray}.jstStr{color:#2DB669}.jstFold:after{content:' -';cursor:pointer}.jstExpand{white-space:normal}.jstExpand:after{content:' +';cursor:pointer}.jstFolded{white-space:normal!important}.jstHiddenBlock{display:none}
	</style>
	
	<script type="text/javascript">
		/*! json-tree - v0.2.2 - 2017-09-25, MIT LICENSE */
		var JSONTree=function(){var n={"&":"&amp;","<":"&lt;",">":"&gt;",'"':"&quot;","'":"&#x27;","/":"&#x2F;"},t=0,r=0;this.create=function(n,t){return r+=1,N(u(n,0,!1),{class:"jstValue"})};var e=function(t){return t.replace(/[&<>'"]/g,function(t){return n[t]})},s=function(){return r+"_"+t++},u=function(n,t,r){if(null===n)return f(r?t:0);switch(typeof n){case"boolean":return l(n,r?t:0);case"number":return i(n,r?t:0);case"string":return o(n,r?t:0);default:return n instanceof Array?a(n,t,r):c(n,t,r)}},c=function(n,t,r){var e=s(),u=Object.keys(n).map(function(r){return j(r,n[r],t+1,!0)}).join(m()),c=[g("{",r?t:0,e),N(u,{id:e}),p("}",t)].join("\n");return N(c,{})},a=function(n,t,r){var e=s(),c=n.map(function(n){return u(n,t+1,!0)}).join(m());return[g("[",r?t:0,e),N(c,{id:e}),p("]",t)].join("\n")},o=function(n,t){var r=e(JSON.stringify(n));return N(v(r,t),{class:"jstStr"})},i=function(n,t){return N(v(n,t),{class:"jstNum"})},l=function(n,t){return N(v(n,t),{class:"jstBool"})},f=function(n){return N(v("null",n),{class:"jstNull"})},j=function(n,t,r){var s=v(e(JSON.stringify(n))+": ",r),c=N(u(t,r,!1),{});return N(s+c,{class:"jstProperty"})},m=function(){return N(",\n",{class:"jstComma"})},N=function(n,t){return d("span",t,n)},d=function(n,t,r){return"<"+n+Object.keys(t).map(function(n){return" "+n+'="'+t[n]+'"'}).join("")+">"+r+"</"+n+">"},g=function(n,t,r){return N(v(n,t),{class:"jstBracket"})+N("",{class:"jstFold",onclick:"JSONTree.toggle('"+r+"')"})};this.toggle=function(n){var t=document.getElementById(n),r=t.parentNode,e=t.previousElementSibling;""===t.className?(t.className="jstHiddenBlock",r.className="jstFolded",e.className="jstExpand"):(t.className="",r.className="",e.className="jstFold")};var p=function(n,t){return N(v(n,t),{})},v=function(n,t){return Array(2*t+1).join(" ")+n};return this}();
	</script>
</head>
	<body class='extent standard default hide-overflow '>
		<div id='theme-selector' alt='Click to toggle theme. To enable by default, use theme configuration.' title='Click to toggle theme. To enable by default, use theme configuration.'>
			<span><i class='material-icons'>desktop_windows</i></span>
		</div>
<nav>
	<div class="nav-wrapper">
		<a href="#!" class="brand-logo black"><img src="https://cdn.rawgit.com/extent-framework/extent-github-cdn/d74480e/commons/img/logo.png"></a>
		<!-- slideout menu -->
		<ul id='slide-out' class='side-nav fixed hide-on-med-and-down'>
			<li class='waves-effect active'><a href='#!' view='test-view' onclick="configureView(0);chartsView('test');"><i class='material-icons'>dashboard</i></a></li>
						<li class='waves-effect'><a href='#!' onclick="configureView(-1);chartsView('dashboard');" view='dashboard-view'><i class='material-icons'>track_changes</i></a></li>
		</ul>
		<!-- report name -->
		<span class='report-name'>Automation report</span>
		<!-- report headline -->
		<span class='report-headline'></span>
		<!-- nav-right -->
		<ul id='nav-mobile' class='right hide-on-med-and-down nav-right'>
			<a href='#!'>
			<span class='label blue darken-3 suite-start-time'>Mar 27, 2020 09:31:25 PM</span>
			</a>
		</ul>
	</div>
</nav>		<!-- container -->
		<div class='container'>
<div id='test-view' class='view'>
	<section id='controls'>
		<div class='controls grey lighten-4'>
			<!-- test toggle -->
			<div class='chip transparent'>
				<a class='dropdown-button tests-toggle' data-activates='tests-toggle' data-constrainwidth='true' data-beloworigin='true' data-hover='true' href='#'>
				<i class='material-icons'>warning</i> Status
				</a>
				<ul id='tests-toggle' class='dropdown-content'>
										<li status='pass'><a href='#!'>Pass <i class='material-icons green-text'>check_circle</i></a></li>
					<li status='fail'><a href='#!'>Fail <i class='material-icons red-text'>cancel</i></a></li>
					<li class='divider'></li>
					<li status='clear' clear='true'><a href='#!'>Clear Filters <i class='material-icons'>clear</i></a></li>
				</ul>
			</div>
			<!-- test toggle -->
			<!-- category toggle -->
			<!-- category toggle -->
			<!-- clear filters -->
			<div class='chip transparent hide'>
				<a class='' id='clear-filters' alt='Clear Filters' title='Clear Filters'>
				<i class='material-icons'>close</i> Clear
				</a>
			</div>
			<!-- clear filters -->
			<!-- enable dashboard -->
			<div id='toggle-test-view-charts' class='chip transparent'>
				<a class='pink-text' id='enable-dashboard' alt='Enable Dashboard' title='Enable Dashboard'>
				<i class='material-icons'>track_changes</i> Dashboard
				</a>
			</div>
			<!-- enable dashboard -->
			<!-- search -->
			<div class='chip transparent' alt='Search Tests' title='Search Tests'>
				<a href="#" class='search-div'>
				<i class='material-icons'>search</i> Search
				</a>
				<div class='input-field left hide'>
					<input id='search-tests' type='text' class='validate browser-default' placeholder='Search Tests...'>
				</div>
			</div>
			<!-- search -->
		</div>
	</section>
<div id='test-view-charts' class='subview-full'>
    <div id='charts-row' class='row nm-v nm-h'>
        <div class='col s12 m12 l12 np-h'>
            <div class='card-panel nm-v'>
                <div class='left panel-name'>Tests</div>
                <div class='chart-box' style="max-height:94px;">
                    <canvas id='parent-analysis' width='90' height='70'></canvas>
                </div>
                <div class='block text-small'>
                    <span class='tooltipped' data-position='top' data-tooltip='75.362%'><span class='strong'>52</span> test(s) passed</span>
                </div>
                <div class='block text-small'>
                    <span class='strong tooltipped' data-position='top' data-tooltip='24.638%'>17</span> test(s) failed, <span class='strong tooltipped' data-position='top' data-tooltip='0%'>0</span> others
                </div>
            </div>
        </div>
    </div>
    <div id="timeline-chart" class="row nm-v nm-h">
        <div class="col s12 m12 l12 np-h">
            <div class="card-panel">
                <div class='left panel-name'>Timeline (seconds)</div>
                <div class="chart-box" style="width:98%;max-height:145px;">
                    <canvas id="timeline" height="120"></canvas>
                </div>
            </div>
        </div>
    </div>
</div>	<div class='subview-left left'>
		<div class='view-summary'>
			<ul id='test-collection' class='test-collection'>
				<li class='test displayed active  fail' status='fail' bdd='false' test-id='1'>
					<div class='test-heading'>
						<span class='test-name'>Validating medical conditions</span>
						<span class='test-time'>Mar 27, 2020 09:34:43 PM</span>
						<span class='test-status right fail'>fail</span>
					</div>
					<div class='test-content hide'>
<div class='test-time-info'>
	<span class='label start-time'>Mar 27, 2020 09:34:43 PM</span>
	<span class='label end-time'>Mar 27, 2020 09:36:41 PM</span>
	<span class='label time-taken grey lighten-1 white-text'>0h 1m 57s+807ms</span>
</div>
<div class='test-steps'>
	<table class='bordered table-results'>
		<thead>
			<tr>
				<th>Status</th>
				<th>Timestamp</th>
				<th>Details</th>
			</tr>
		</thead>
		<tbody>
			<tr class='log' status='fail'>
				<td class='status fail' title='fail' alt='fail'><i class='material-icons'>cancel</i></td>
				<td class='timestamp'>9:36:41 PM</td>
				<td class='step-details'>
						Test Failed due to    org.openqa.selenium.TimeoutException: Expected condition failed: waiting for element to be clickable: Proxy element for: DefaultElementLocator 'By.cssSelector: input.verisk-form-control' (tried for 60 second(s) with 500 milliseconds interval)org.testng.TestRunner@9f46d94
					<img class='r-img' onerror='this.style.display="none"' data-featherlight='D:\PAS2703\RACV./Screenshots/PAS_03_27_2020_21_36_41.png' src='D:\PAS2703\RACV./Screenshots/PAS_03_27_2020_21_36_41.png' data-src='D:\PAS2703\RACV./Screenshots/PAS_03_27_2020_21_36_41.png'>
				</td>
			</tr>
		</tbody>
	</table>
</div>
					</div>
				</li>
				<li class='test displayed active  pass' status='pass' bdd='false' test-id='2'>
					<div class='test-heading'>
						<span class='test-name'>Validating policy type for Domestic Trip</span>
						<span class='test-time'>Mar 27, 2020 09:56:15 PM</span>
						<span class='test-status right pass'>pass</span>
					</div>
					<div class='test-content hide'>
<div class='test-time-info'>
	<span class='label start-time'>Mar 27, 2020 09:56:15 PM</span>
	<span class='label end-time'>Mar 27, 2020 09:56:15 PM</span>
	<span class='label time-taken grey lighten-1 white-text'>0h 0m 0s+92ms</span>
</div>
<div class='test-steps'>
	<table class='bordered table-results'>
		<thead>
			<tr>
				<th>Status</th>
				<th>Timestamp</th>
				<th>Details</th>
			</tr>
		</thead>
		<tbody>
			<tr class='log' status='pass'>
				<td class='status pass' title='pass' alt='pass'><i class='material-icons'>check_circle</i></td>
				<td class='timestamp'>9:56:15 PM</td>
				<td class='step-details'>
						Test case passed
					
				</td>
			</tr>
		</tbody>
	</table>
</div>
					</div>
				</li>
				<li class='test displayed active  pass' status='pass' bdd='false' test-id='3'>
					<div class='test-heading'>
						<span class='test-name'>Validating dependent for Domestic trip</span>
						<span class='test-time'>Mar 27, 2020 09:56:15 PM</span>
						<span class='test-status right pass'>pass</span>
					</div>
					<div class='test-content hide'>
<div class='test-time-info'>
	<span class='label start-time'>Mar 27, 2020 09:56:15 PM</span>
	<span class='label end-time'>Mar 27, 2020 09:56:58 PM</span>
	<span class='label time-taken grey lighten-1 white-text'>0h 0m 43s+295ms</span>
</div>
<div class='test-steps'>
	<table class='bordered table-results'>
		<thead>
			<tr>
				<th>Status</th>
				<th>Timestamp</th>
				<th>Details</th>
			</tr>
		</thead>
		<tbody>
			<tr class='log' status='pass'>
				<td class='status pass' title='pass' alt='pass'><i class='material-icons'>check_circle</i></td>
				<td class='timestamp'>9:56:58 PM</td>
				<td class='step-details'>
						Test case passed
					
				</td>
			</tr>
		</tbody>
	</table>
</div>
					</div>
				</li>
				<li class='test displayed active  pass' status='pass' bdd='false' test-id='4'>
					<div class='test-heading'>
						<span class='test-name'>Doing payment for Domestic trip</span>
						<span class='test-time'>Mar 27, 2020 09:56:58 PM</span>
						<span class='test-status right pass'>pass</span>
					</div>
					<div class='test-content hide'>
<div class='test-time-info'>
	<span class='label start-time'>Mar 27, 2020 09:56:58 PM</span>
	<span class='label end-time'>Mar 27, 2020 09:58:36 PM</span>
	<span class='label time-taken grey lighten-1 white-text'>0h 1m 37s+584ms</span>
</div>
<div class='test-steps'>
	<table class='bordered table-results'>
		<thead>
			<tr>
				<th>Status</th>
				<th>Timestamp</th>
				<th>Details</th>
			</tr>
		</thead>
		<tbody>
			<tr class='log' status='pass'>
				<td class='status pass' title='pass' alt='pass'><i class='material-icons'>check_circle</i></td>
				<td class='timestamp'>9:58:36 PM</td>
				<td class='step-details'>
						Test case passed
					
				</td>
			</tr>
		</tbody>
	</table>
</div>
					</div>
				</li>
				<li class='test displayed active  pass' status='pass' bdd='false' test-id='5'>
					<div class='test-heading'>
						<span class='test-name'>Validating policy type for Annual Multi Trip</span>
						<span class='test-time'>Mar 27, 2020 10:02:35 PM</span>
						<span class='test-status right pass'>pass</span>
					</div>
					<div class='test-content hide'>
<div class='test-time-info'>
	<span class='label start-time'>Mar 27, 2020 10:02:35 PM</span>
	<span class='label end-time'>Mar 27, 2020 10:02:35 PM</span>
	<span class='label time-taken grey lighten-1 white-text'>0h 0m 0s+101ms</span>
</div>
<div class='test-steps'>
	<table class='bordered table-results'>
		<thead>
			<tr>
				<th>Status</th>
				<th>Timestamp</th>
				<th>Details</th>
			</tr>
		</thead>
		<tbody>
			<tr class='log' status='pass'>
				<td class='status pass' title='pass' alt='pass'><i class='material-icons'>check_circle</i></td>
				<td class='timestamp'>10:02:35 PM</td>
				<td class='step-details'>
						Test case passed
					
				</td>
			</tr>
		</tbody>
	</table>
</div>
					</div>
				</li>
				<li class='test displayed active  pass' status='pass' bdd='false' test-id='6'>
					<div class='test-heading'>
						<span class='test-name'>Validating dependent for Annual multi trip</span>
						<span class='test-time'>Mar 27, 2020 10:02:35 PM</span>
						<span class='test-status right pass'>pass</span>
					</div>
					<div class='test-content hide'>
<div class='test-time-info'>
	<span class='label start-time'>Mar 27, 2020 10:02:35 PM</span>
	<span class='label end-time'>Mar 27, 2020 10:03:18 PM</span>
	<span class='label time-taken grey lighten-1 white-text'>0h 0m 43s+394ms</span>
</div>
<div class='test-steps'>
	<table class='bordered table-results'>
		<thead>
			<tr>
				<th>Status</th>
				<th>Timestamp</th>
				<th>Details</th>
			</tr>
		</thead>
		<tbody>
			<tr class='log' status='pass'>
				<td class='status pass' title='pass' alt='pass'><i class='material-icons'>check_circle</i></td>
				<td class='timestamp'>10:03:18 PM</td>
				<td class='step-details'>
						Test case passed
					
				</td>
			</tr>
		</tbody>
	</table>
</div>
					</div>
				</li>
				<li class='test displayed active  fail' status='fail' bdd='false' test-id='7'>
					<div class='test-heading'>
						<span class='test-name'>Doing payment for Annual Multi trip</span>
						<span class='test-time'>Mar 27, 2020 10:03:18 PM</span>
						<span class='test-status right fail'>fail</span>
					</div>
					<div class='test-content hide'>
<div class='test-time-info'>
	<span class='label start-time'>Mar 27, 2020 10:03:18 PM</span>
	<span class='label end-time'>Mar 27, 2020 10:05:24 PM</span>
	<span class='label time-taken grey lighten-1 white-text'>0h 2m 5s+900ms</span>
</div>
<div class='test-steps'>
	<table class='bordered table-results'>
		<thead>
			<tr>
				<th>Status</th>
				<th>Timestamp</th>
				<th>Details</th>
			</tr>
		</thead>
		<tbody>
			<tr class='log' status='fail'>
				<td class='status fail' title='fail' alt='fail'><i class='material-icons'>cancel</i></td>
				<td class='timestamp'>10:05:24 PM</td>
				<td class='step-details'>
						Test Failed due to    org.openqa.selenium.ElementClickInterceptedException: element click intercepted: Element <button _ngcontent-idn-c2="" class="btn btn-primary pull-right" data-dismiss="modal" type="submit">...</button> is not clickable at point (965, 546). Other element would receive the click: <div _ngcontent-idn-c2="" class="container text-center mt-5">...</div>
  (Session info: chrome=80.0.3987.149)
Build info: version: '3.141.59', revision: 'e82be7d358', time: '2018-11-14T08:17:03'
System info: host: 'LAP-TZD-0X73500', ip: '192.168.0.104', os.name: 'Windows 10', os.arch: 'amd64', os.version: '10.0', java.version: '1.8.0_231'
Driver info: org.openqa.selenium.chrome.ChromeDriver
Capabilities {acceptInsecureCerts: false, browserName: chrome, browserVersion: 80.0.3987.149, chrome: {chromedriverVersion: 80.0.3987.16 (320f6526c1632..., userDataDir: C:\Users\VIDHUK~1.VIK\AppDa...}, goog:chromeOptions: {debuggerAddress: localhost:55720}, javascriptEnabled: true, networkConnectionEnabled: false, pageLoadStrategy: normal, platform: WINDOWS, platformName: WINDOWS, proxy: Proxy(), setWindowRect: true, strictFileInteractability: false, timeouts: {implicit: 0, pageLoad: 300000, script: 30000}, unhandledPromptBehavior: dismiss and notify}
Session ID: 74a4b62ed8f0a0b8759bc1c78971166forg.testng.TestRunner@9f46d94
					<img class='r-img' onerror='this.style.display="none"' data-featherlight='D:\PAS2703\RACV./Screenshots/PAS_03_27_2020_22_05_24.png' src='D:\PAS2703\RACV./Screenshots/PAS_03_27_2020_22_05_24.png' data-src='D:\PAS2703\RACV./Screenshots/PAS_03_27_2020_22_05_24.png'>
				</td>
			</tr>
		</tbody>
	</table>
</div>
					</div>
				</li>
				<li class='test displayed active  pass' status='pass' bdd='false' test-id='8'>
					<div class='test-heading'>
						<span class='test-name'>Validate that user is not able to save the quote when user leave address field as blank</span>
						<span class='test-time'>Mar 27, 2020 10:09:06 PM</span>
						<span class='test-status right pass'>pass</span>
					</div>
					<div class='test-content hide'>
<div class='test-time-info'>
	<span class='label start-time'>Mar 27, 2020 10:09:06 PM</span>
	<span class='label end-time'>Mar 27, 2020 10:10:11 PM</span>
	<span class='label time-taken grey lighten-1 white-text'>0h 1m 4s+876ms</span>
</div>
<div class='test-steps'>
	<table class='bordered table-results'>
		<thead>
			<tr>
				<th>Status</th>
				<th>Timestamp</th>
				<th>Details</th>
			</tr>
		</thead>
		<tbody>
			<tr class='log' status='pass'>
				<td class='status pass' title='pass' alt='pass'><i class='material-icons'>check_circle</i></td>
				<td class='timestamp'>10:10:11 PM</td>
				<td class='step-details'>
						Test case passed
					
				</td>
			</tr>
		</tbody>
	</table>
</div>
					</div>
				</li>
				<li class='test displayed active  pass' status='pass' bdd='false' test-id='9'>
					<div class='test-heading'>
						<span class='test-name'>Validate that user is not able to save the quote when user leave confirm email address field as blank</span>
						<span class='test-time'>Mar 27, 2020 10:10:11 PM</span>
						<span class='test-status right pass'>pass</span>
					</div>
					<div class='test-content hide'>
<div class='test-time-info'>
	<span class='label start-time'>Mar 27, 2020 10:10:11 PM</span>
	<span class='label end-time'>Mar 27, 2020 10:10:20 PM</span>
	<span class='label time-taken grey lighten-1 white-text'>0h 0m 9s+60ms</span>
</div>
<div class='test-steps'>
	<table class='bordered table-results'>
		<thead>
			<tr>
				<th>Status</th>
				<th>Timestamp</th>
				<th>Details</th>
			</tr>
		</thead>
		<tbody>
			<tr class='log' status='pass'>
				<td class='status pass' title='pass' alt='pass'><i class='material-icons'>check_circle</i></td>
				<td class='timestamp'>10:10:20 PM</td>
				<td class='step-details'>
						Test case passed
					
				</td>
			</tr>
		</tbody>
	</table>
</div>
					</div>
				</li>
				<li class='test displayed active  pass' status='pass' bdd='false' test-id='10'>
					<div class='test-heading'>
						<span class='test-name'>Validate that user is not able to save the quote when user leave email address field as blank</span>
						<span class='test-time'>Mar 27, 2020 10:10:20 PM</span>
						<span class='test-status right pass'>pass</span>
					</div>
					<div class='test-content hide'>
<div class='test-time-info'>
	<span class='label start-time'>Mar 27, 2020 10:10:20 PM</span>
	<span class='label end-time'>Mar 27, 2020 10:10:29 PM</span>
	<span class='label time-taken grey lighten-1 white-text'>0h 0m 9s+54ms</span>
</div>
<div class='test-steps'>
	<table class='bordered table-results'>
		<thead>
			<tr>
				<th>Status</th>
				<th>Timestamp</th>
				<th>Details</th>
			</tr>
		</thead>
		<tbody>
			<tr class='log' status='pass'>
				<td class='status pass' title='pass' alt='pass'><i class='material-icons'>check_circle</i></td>
				<td class='timestamp'>10:10:29 PM</td>
				<td class='step-details'>
						Test case passed
					
				</td>
			</tr>
		</tbody>
	</table>
</div>
					</div>
				</li>
				<li class='test displayed active  pass' status='pass' bdd='false' test-id='11'>
					<div class='test-heading'>
						<span class='test-name'>Validate that user is not able to save the quote when user leave phone number field as blank</span>
						<span class='test-time'>Mar 27, 2020 10:10:29 PM</span>
						<span class='test-status right pass'>pass</span>
					</div>
					<div class='test-content hide'>
<div class='test-time-info'>
	<span class='label start-time'>Mar 27, 2020 10:10:29 PM</span>
	<span class='label end-time'>Mar 27, 2020 10:10:38 PM</span>
	<span class='label time-taken grey lighten-1 white-text'>0h 0m 9s+19ms</span>
</div>
<div class='test-steps'>
	<table class='bordered table-results'>
		<thead>
			<tr>
				<th>Status</th>
				<th>Timestamp</th>
				<th>Details</th>
			</tr>
		</thead>
		<tbody>
			<tr class='log' status='pass'>
				<td class='status pass' title='pass' alt='pass'><i class='material-icons'>check_circle</i></td>
				<td class='timestamp'>10:10:38 PM</td>
				<td class='step-details'>
						Test case passed
					
				</td>
			</tr>
		</tbody>
	</table>
</div>
					</div>
				</li>
				<li class='test displayed active  pass' status='pass' bdd='false' test-id='12'>
					<div class='test-heading'>
						<span class='test-name'>Validate that user is not able to save the quote when user leave post code field as blank</span>
						<span class='test-time'>Mar 27, 2020 10:10:38 PM</span>
						<span class='test-status right pass'>pass</span>
					</div>
					<div class='test-content hide'>
<div class='test-time-info'>
	<span class='label start-time'>Mar 27, 2020 10:10:38 PM</span>
	<span class='label end-time'>Mar 27, 2020 10:10:47 PM</span>
	<span class='label time-taken grey lighten-1 white-text'>0h 0m 9s+81ms</span>
</div>
<div class='test-steps'>
	<table class='bordered table-results'>
		<thead>
			<tr>
				<th>Status</th>
				<th>Timestamp</th>
				<th>Details</th>
			</tr>
		</thead>
		<tbody>
			<tr class='log' status='pass'>
				<td class='status pass' title='pass' alt='pass'><i class='material-icons'>check_circle</i></td>
				<td class='timestamp'>10:10:47 PM</td>
				<td class='step-details'>
						Test case passed
					
				</td>
			</tr>
		</tbody>
	</table>
</div>
					</div>
				</li>
				<li class='test displayed active  pass' status='pass' bdd='false' test-id='13'>
					<div class='test-heading'>
						<span class='test-name'>Validate that user is not able to save the quote when user leave subrb field as blank</span>
						<span class='test-time'>Mar 27, 2020 10:10:47 PM</span>
						<span class='test-status right pass'>pass</span>
					</div>
					<div class='test-content hide'>
<div class='test-time-info'>
	<span class='label start-time'>Mar 27, 2020 10:10:47 PM</span>
	<span class='label end-time'>Mar 27, 2020 10:10:56 PM</span>
	<span class='label time-taken grey lighten-1 white-text'>0h 0m 9s+69ms</span>
</div>
<div class='test-steps'>
	<table class='bordered table-results'>
		<thead>
			<tr>
				<th>Status</th>
				<th>Timestamp</th>
				<th>Details</th>
			</tr>
		</thead>
		<tbody>
			<tr class='log' status='pass'>
				<td class='status pass' title='pass' alt='pass'><i class='material-icons'>check_circle</i></td>
				<td class='timestamp'>10:10:56 PM</td>
				<td class='step-details'>
						Test case passed
					
				</td>
			</tr>
		</tbody>
	</table>
</div>
					</div>
				</li>
				<li class='test displayed active  pass' status='pass' bdd='false' test-id='14'>
					<div class='test-heading'>
						<span class='test-name'>Validate user is able to change DOB for primary and secondry traveller</span>
						<span class='test-time'>Mar 27, 2020 10:14:33 PM</span>
						<span class='test-status right pass'>pass</span>
					</div>
					<div class='test-content hide'>
<div class='test-time-info'>
	<span class='label start-time'>Mar 27, 2020 10:14:33 PM</span>
	<span class='label end-time'>Mar 27, 2020 10:17:48 PM</span>
	<span class='label time-taken grey lighten-1 white-text'>0h 3m 14s+906ms</span>
</div>
<div class='test-steps'>
	<table class='bordered table-results'>
		<thead>
			<tr>
				<th>Status</th>
				<th>Timestamp</th>
				<th>Details</th>
			</tr>
		</thead>
		<tbody>
			<tr class='log' status='pass'>
				<td class='status pass' title='pass' alt='pass'><i class='material-icons'>check_circle</i></td>
				<td class='timestamp'>10:17:48 PM</td>
				<td class='step-details'>
						Test case passed
					
				</td>
			</tr>
		</tbody>
	</table>
</div>
					</div>
				</li>
				<li class='test displayed active  pass' status='pass' bdd='false' test-id='15'>
					<div class='test-heading'>
						<span class='test-name'>Validate that user is able to add secondry traveller on policy</span>
						<span class='test-time'>Mar 27, 2020 10:17:48 PM</span>
						<span class='test-status right pass'>pass</span>
					</div>
					<div class='test-content hide'>
<div class='test-time-info'>
	<span class='label start-time'>Mar 27, 2020 10:17:48 PM</span>
	<span class='label end-time'>Mar 27, 2020 10:19:36 PM</span>
	<span class='label time-taken grey lighten-1 white-text'>0h 1m 47s+876ms</span>
</div>
<div class='test-steps'>
	<table class='bordered table-results'>
		<thead>
			<tr>
				<th>Status</th>
				<th>Timestamp</th>
				<th>Details</th>
			</tr>
		</thead>
		<tbody>
			<tr class='log' status='pass'>
				<td class='status pass' title='pass' alt='pass'><i class='material-icons'>check_circle</i></td>
				<td class='timestamp'>10:19:36 PM</td>
				<td class='step-details'>
						Test case passed
					
				</td>
			</tr>
		</tbody>
	</table>
</div>
					</div>
				</li>
				<li class='test displayed active  pass' status='pass' bdd='false' test-id='16'>
					<div class='test-heading'>
						<span class='test-name'>After adding secondry traveller on policy doing payment</span>
						<span class='test-time'>Mar 27, 2020 10:19:36 PM</span>
						<span class='test-status right pass'>pass</span>
					</div>
					<div class='test-content hide'>
<div class='test-time-info'>
	<span class='label start-time'>Mar 27, 2020 10:19:36 PM</span>
	<span class='label end-time'>Mar 27, 2020 10:21:15 PM</span>
	<span class='label time-taken grey lighten-1 white-text'>0h 1m 39s+105ms</span>
</div>
<div class='test-steps'>
	<table class='bordered table-results'>
		<thead>
			<tr>
				<th>Status</th>
				<th>Timestamp</th>
				<th>Details</th>
			</tr>
		</thead>
		<tbody>
			<tr class='log' status='pass'>
				<td class='status pass' title='pass' alt='pass'><i class='material-icons'>check_circle</i></td>
				<td class='timestamp'>10:21:15 PM</td>
				<td class='step-details'>
						Test case passed
					
				</td>
			</tr>
		</tbody>
	</table>
</div>
					</div>
				</li>
				<li class='test displayed active  pass' status='pass' bdd='false' test-id='17'>
					<div class='test-heading'>
						<span class='test-name'>Validate that user is able to modify first name,last name and DOB for primary traveller.</span>
						<span class='test-time'>Mar 27, 2020 10:21:15 PM</span>
						<span class='test-status right pass'>pass</span>
					</div>
					<div class='test-content hide'>
<div class='test-time-info'>
	<span class='label start-time'>Mar 27, 2020 10:21:15 PM</span>
	<span class='label end-time'>Mar 27, 2020 10:24:26 PM</span>
	<span class='label time-taken grey lighten-1 white-text'>0h 3m 11s+354ms</span>
</div>
<div class='test-steps'>
	<table class='bordered table-results'>
		<thead>
			<tr>
				<th>Status</th>
				<th>Timestamp</th>
				<th>Details</th>
			</tr>
		</thead>
		<tbody>
			<tr class='log' status='pass'>
				<td class='status pass' title='pass' alt='pass'><i class='material-icons'>check_circle</i></td>
				<td class='timestamp'>10:24:26 PM</td>
				<td class='step-details'>
						Test case passed
					
				</td>
			</tr>
		</tbody>
	</table>
</div>
					</div>
				</li>
				<li class='test displayed active  pass' status='pass' bdd='false' test-id='18'>
					<div class='test-heading'>
						<span class='test-name'>Validate user is able to delete traveller</span>
						<span class='test-time'>Mar 27, 2020 10:24:26 PM</span>
						<span class='test-status right pass'>pass</span>
					</div>
					<div class='test-content hide'>
<div class='test-time-info'>
	<span class='label start-time'>Mar 27, 2020 10:24:26 PM</span>
	<span class='label end-time'>Mar 27, 2020 10:26:07 PM</span>
	<span class='label time-taken grey lighten-1 white-text'>0h 1m 40s+349ms</span>
</div>
<div class='test-steps'>
	<table class='bordered table-results'>
		<thead>
			<tr>
				<th>Status</th>
				<th>Timestamp</th>
				<th>Details</th>
			</tr>
		</thead>
		<tbody>
			<tr class='log' status='pass'>
				<td class='status pass' title='pass' alt='pass'><i class='material-icons'>check_circle</i></td>
				<td class='timestamp'>10:26:07 PM</td>
				<td class='step-details'>
						Test case passed
					
				</td>
			</tr>
		</tbody>
	</table>
</div>
					</div>
				</li>
				<li class='test displayed active  pass' status='pass' bdd='false' test-id='19'>
					<div class='test-heading'>
						<span class='test-name'>Validate user is not able to add promo code without selecting auto club</span>
						<span class='test-time'>Mar 27, 2020 10:29:07 PM</span>
						<span class='test-status right pass'>pass</span>
					</div>
					<div class='test-content hide'>
<div class='test-time-info'>
	<span class='label start-time'>Mar 27, 2020 10:29:07 PM</span>
	<span class='label end-time'>Mar 27, 2020 10:29:17 PM</span>
	<span class='label time-taken grey lighten-1 white-text'>0h 0m 9s+563ms</span>
</div>
<div class='test-steps'>
	<table class='bordered table-results'>
		<thead>
			<tr>
				<th>Status</th>
				<th>Timestamp</th>
				<th>Details</th>
			</tr>
		</thead>
		<tbody>
			<tr class='log' status='pass'>
				<td class='status pass' title='pass' alt='pass'><i class='material-icons'>check_circle</i></td>
				<td class='timestamp'>10:29:17 PM</td>
				<td class='step-details'>
						Test case passed
					
				</td>
			</tr>
		</tbody>
	</table>
</div>
					</div>
				</li>
				<li class='test displayed active  pass' status='pass' bdd='false' test-id='20'>
					<div class='test-heading'>
						<span class='test-name'>Validate user is not able to add promo code without selecting auto club</span>
						<span class='test-time'>Mar 27, 2020 10:32:03 PM</span>
						<span class='test-status right pass'>pass</span>
					</div>
					<div class='test-content hide'>
<div class='test-time-info'>
	<span class='label start-time'>Mar 27, 2020 10:32:03 PM</span>
	<span class='label end-time'>Mar 27, 2020 10:32:13 PM</span>
	<span class='label time-taken grey lighten-1 white-text'>0h 0m 9s+603ms</span>
</div>
<div class='test-steps'>
	<table class='bordered table-results'>
		<thead>
			<tr>
				<th>Status</th>
				<th>Timestamp</th>
				<th>Details</th>
			</tr>
		</thead>
		<tbody>
			<tr class='log' status='pass'>
				<td class='status pass' title='pass' alt='pass'><i class='material-icons'>check_circle</i></td>
				<td class='timestamp'>10:32:13 PM</td>
				<td class='step-details'>
						Test case passed
					
				</td>
			</tr>
		</tbody>
	</table>
</div>
					</div>
				</li>
				<li class='test displayed active  pass' status='pass' bdd='false' test-id='21'>
					<div class='test-heading'>
						<span class='test-name'>Validate user is not able to add promo code without entering effective/expiry date</span>
						<span class='test-time'>Mar 27, 2020 10:34:59 PM</span>
						<span class='test-status right pass'>pass</span>
					</div>
					<div class='test-content hide'>
<div class='test-time-info'>
	<span class='label start-time'>Mar 27, 2020 10:34:59 PM</span>
	<span class='label end-time'>Mar 27, 2020 10:35:09 PM</span>
	<span class='label time-taken grey lighten-1 white-text'>0h 0m 9s+554ms</span>
</div>
<div class='test-steps'>
	<table class='bordered table-results'>
		<thead>
			<tr>
				<th>Status</th>
				<th>Timestamp</th>
				<th>Details</th>
			</tr>
		</thead>
		<tbody>
			<tr class='log' status='pass'>
				<td class='status pass' title='pass' alt='pass'><i class='material-icons'>check_circle</i></td>
				<td class='timestamp'>10:35:09 PM</td>
				<td class='step-details'>
						Test case passed
					
				</td>
			</tr>
		</tbody>
	</table>
</div>
					</div>
				</li>
				<li class='test displayed active  pass' status='pass' bdd='false' test-id='22'>
					<div class='test-heading'>
						<span class='test-name'>Validate user is not able to add promo code without entering promo code number</span>
						<span class='test-time'>Mar 27, 2020 10:38:01 PM</span>
						<span class='test-status right pass'>pass</span>
					</div>
					<div class='test-content hide'>
<div class='test-time-info'>
	<span class='label start-time'>Mar 27, 2020 10:38:01 PM</span>
	<span class='label end-time'>Mar 27, 2020 10:38:10 PM</span>
	<span class='label time-taken grey lighten-1 white-text'>0h 0m 9s+609ms</span>
</div>
<div class='test-steps'>
	<table class='bordered table-results'>
		<thead>
			<tr>
				<th>Status</th>
				<th>Timestamp</th>
				<th>Details</th>
			</tr>
		</thead>
		<tbody>
			<tr class='log' status='pass'>
				<td class='status pass' title='pass' alt='pass'><i class='material-icons'>check_circle</i></td>
				<td class='timestamp'>10:38:10 PM</td>
				<td class='step-details'>
						Test case passed
					
				</td>
			</tr>
		</tbody>
	</table>
</div>
					</div>
				</li>
				<li class='test displayed active  pass' status='pass' bdd='false' test-id='23'>
					<div class='test-heading'>
						<span class='test-name'>Validate user is not able to add promo code without entering promo code number</span>
						<span class='test-time'>Mar 27, 2020 10:41:08 PM</span>
						<span class='test-status right pass'>pass</span>
					</div>
					<div class='test-content hide'>
<div class='test-time-info'>
	<span class='label start-time'>Mar 27, 2020 10:41:08 PM</span>
	<span class='label end-time'>Mar 27, 2020 10:41:18 PM</span>
	<span class='label time-taken grey lighten-1 white-text'>0h 0m 9s+796ms</span>
</div>
<div class='test-steps'>
	<table class='bordered table-results'>
		<thead>
			<tr>
				<th>Status</th>
				<th>Timestamp</th>
				<th>Details</th>
			</tr>
		</thead>
		<tbody>
			<tr class='log' status='pass'>
				<td class='status pass' title='pass' alt='pass'><i class='material-icons'>check_circle</i></td>
				<td class='timestamp'>10:41:18 PM</td>
				<td class='step-details'>
						Test case passed
					
				</td>
			</tr>
		</tbody>
	</table>
</div>
					</div>
				</li>
				<li class='test displayed active  fail' status='fail' bdd='false' test-id='24'>
					<div class='test-heading'>
						<span class='test-name'>Validating Travel Coverage by changing covrage and initiating refund</span>
						<span class='test-time'>Mar 27, 2020 10:45:07 PM</span>
						<span class='test-status right fail'>fail</span>
					</div>
					<div class='test-content hide'>
<div class='test-time-info'>
	<span class='label start-time'>Mar 27, 2020 10:45:07 PM</span>
	<span class='label end-time'>Mar 27, 2020 10:47:38 PM</span>
	<span class='label time-taken grey lighten-1 white-text'>0h 2m 31s+278ms</span>
</div>
<div class='test-steps'>
	<table class='bordered table-results'>
		<thead>
			<tr>
				<th>Status</th>
				<th>Timestamp</th>
				<th>Details</th>
			</tr>
		</thead>
		<tbody>
			<tr class='log' status='fail'>
				<td class='status fail' title='fail' alt='fail'><i class='material-icons'>cancel</i></td>
				<td class='timestamp'>10:47:38 PM</td>
				<td class='step-details'>
						Test Failed due to    org.openqa.selenium.NoSuchElementException: no such element: Unable to locate element: {"method":"xpath","selector":"//button[contains (text(),'Continue to Payment')]"}
  (Session info: chrome=80.0.3987.149)
For documentation on this error, please visit: https://www.seleniumhq.org/exceptions/no_such_element.html
Build info: version: '3.141.59', revision: 'e82be7d358', time: '2018-11-14T08:17:03'
System info: host: 'LAP-TZD-0X73500', ip: '192.168.0.104', os.name: 'Windows 10', os.arch: 'amd64', os.version: '10.0', java.version: '1.8.0_231'
Driver info: org.openqa.selenium.chrome.ChromeDriver
Capabilities {acceptInsecureCerts: false, browserName: chrome, browserVersion: 80.0.3987.149, chrome: {chromedriverVersion: 80.0.3987.16 (320f6526c1632..., userDataDir: C:\Users\VIDHUK~1.VIK\AppDa...}, goog:chromeOptions: {debuggerAddress: localhost:55720}, javascriptEnabled: true, networkConnectionEnabled: false, pageLoadStrategy: normal, platform: WINDOWS, platformName: WINDOWS, proxy: Proxy(), setWindowRect: true, strictFileInteractability: false, timeouts: {implicit: 0, pageLoad: 300000, script: 30000}, unhandledPromptBehavior: dismiss and notify}
Session ID: 74a4b62ed8f0a0b8759bc1c78971166f
*** Element info: {Using=xpath, value=//button[contains (text(),'Continue to Payment')]}org.testng.TestRunner@9f46d94
					<img class='r-img' onerror='this.style.display="none"' data-featherlight='D:\PAS2703\RACV./Screenshots/PAS_03_27_2020_22_47_38.png' src='D:\PAS2703\RACV./Screenshots/PAS_03_27_2020_22_47_38.png' data-src='D:\PAS2703\RACV./Screenshots/PAS_03_27_2020_22_47_38.png'>
				</td>
			</tr>
		</tbody>
	</table>
</div>
					</div>
				</li>
				<li class='test displayed active  pass' status='pass' bdd='false' test-id='25'>
					<div class='test-heading'>
						<span class='test-name'>Validate that user is able to clear all search field</span>
						<span class='test-time'>Mar 27, 2020 10:49:46 PM</span>
						<span class='test-status right pass'>pass</span>
					</div>
					<div class='test-content hide'>
<div class='test-time-info'>
	<span class='label start-time'>Mar 27, 2020 10:49:46 PM</span>
	<span class='label end-time'>Mar 27, 2020 10:50:21 PM</span>
	<span class='label time-taken grey lighten-1 white-text'>0h 0m 34s+970ms</span>
</div>
<div class='test-steps'>
	<table class='bordered table-results'>
		<thead>
			<tr>
				<th>Status</th>
				<th>Timestamp</th>
				<th>Details</th>
			</tr>
		</thead>
		<tbody>
			<tr class='log' status='pass'>
				<td class='status pass' title='pass' alt='pass'><i class='material-icons'>check_circle</i></td>
				<td class='timestamp'>10:50:21 PM</td>
				<td class='step-details'>
						Test case passed
					
				</td>
			</tr>
		</tbody>
	</table>
</div>
					</div>
				</li>
				<li class='test displayed active  pass' status='pass' bdd='false' test-id='26'>
					<div class='test-heading'>
						<span class='test-name'>Validate that user is able to search quote with first name.</span>
						<span class='test-time'>Mar 27, 2020 10:50:21 PM</span>
						<span class='test-status right pass'>pass</span>
					</div>
					<div class='test-content hide'>
<div class='test-time-info'>
	<span class='label start-time'>Mar 27, 2020 10:50:21 PM</span>
	<span class='label end-time'>Mar 27, 2020 10:51:26 PM</span>
	<span class='label time-taken grey lighten-1 white-text'>0h 1m 4s+598ms</span>
</div>
<div class='test-steps'>
	<table class='bordered table-results'>
		<thead>
			<tr>
				<th>Status</th>
				<th>Timestamp</th>
				<th>Details</th>
			</tr>
		</thead>
		<tbody>
			<tr class='log' status='pass'>
				<td class='status pass' title='pass' alt='pass'><i class='material-icons'>check_circle</i></td>
				<td class='timestamp'>10:51:26 PM</td>
				<td class='step-details'>
						Test case passed
					
				</td>
			</tr>
		</tbody>
	</table>
</div>
					</div>
				</li>
				<li class='test displayed active  pass' status='pass' bdd='false' test-id='27'>
					<div class='test-heading'>
						<span class='test-name'>Validate that user is able to search quote with last name.</span>
						<span class='test-time'>Mar 27, 2020 10:51:26 PM</span>
						<span class='test-status right pass'>pass</span>
					</div>
					<div class='test-content hide'>
<div class='test-time-info'>
	<span class='label start-time'>Mar 27, 2020 10:51:26 PM</span>
	<span class='label end-time'>Mar 27, 2020 10:52:31 PM</span>
	<span class='label time-taken grey lighten-1 white-text'>0h 1m 5s+579ms</span>
</div>
<div class='test-steps'>
	<table class='bordered table-results'>
		<thead>
			<tr>
				<th>Status</th>
				<th>Timestamp</th>
				<th>Details</th>
			</tr>
		</thead>
		<tbody>
			<tr class='log' status='pass'>
				<td class='status pass' title='pass' alt='pass'><i class='material-icons'>check_circle</i></td>
				<td class='timestamp'>10:52:31 PM</td>
				<td class='step-details'>
						Test case passed
					
				</td>
			</tr>
		</tbody>
	</table>
</div>
					</div>
				</li>
				<li class='test displayed active  pass' status='pass' bdd='false' test-id='28'>
					<div class='test-heading'>
						<span class='test-name'>Validate that user is able to search quote with quote number</span>
						<span class='test-time'>Mar 27, 2020 10:52:31 PM</span>
						<span class='test-status right pass'>pass</span>
					</div>
					<div class='test-content hide'>
<div class='test-time-info'>
	<span class='label start-time'>Mar 27, 2020 10:52:31 PM</span>
	<span class='label end-time'>Mar 27, 2020 10:53:30 PM</span>
	<span class='label time-taken grey lighten-1 white-text'>0h 0m 58s+602ms</span>
</div>
<div class='test-steps'>
	<table class='bordered table-results'>
		<thead>
			<tr>
				<th>Status</th>
				<th>Timestamp</th>
				<th>Details</th>
			</tr>
		</thead>
		<tbody>
			<tr class='log' status='pass'>
				<td class='status pass' title='pass' alt='pass'><i class='material-icons'>check_circle</i></td>
				<td class='timestamp'>10:53:30 PM</td>
				<td class='step-details'>
						Test case passed
					
				</td>
			</tr>
		</tbody>
	</table>
</div>
					</div>
				</li>
				<li class='test displayed active  pass' status='pass' bdd='false' test-id='29'>
					<div class='test-heading'>
						<span class='test-name'>Validate that user is not able to search policy with first name</span>
						<span class='test-time'>Mar 27, 2020 10:53:30 PM</span>
						<span class='test-status right pass'>pass</span>
					</div>
					<div class='test-content hide'>
<div class='test-time-info'>
	<span class='label start-time'>Mar 27, 2020 10:53:30 PM</span>
	<span class='label end-time'>Mar 27, 2020 10:54:03 PM</span>
	<span class='label time-taken grey lighten-1 white-text'>0h 0m 32s+817ms</span>
</div>
<div class='test-steps'>
	<table class='bordered table-results'>
		<thead>
			<tr>
				<th>Status</th>
				<th>Timestamp</th>
				<th>Details</th>
			</tr>
		</thead>
		<tbody>
			<tr class='log' status='pass'>
				<td class='status pass' title='pass' alt='pass'><i class='material-icons'>check_circle</i></td>
				<td class='timestamp'>10:54:03 PM</td>
				<td class='step-details'>
						Test case passed
					
				</td>
			</tr>
		</tbody>
	</table>
</div>
					</div>
				</li>
				<li class='test displayed active  pass' status='pass' bdd='false' test-id='30'>
					<div class='test-heading'>
						<span class='test-name'>Validate that user is not able to search policy with last name</span>
						<span class='test-time'>Mar 27, 2020 10:54:03 PM</span>
						<span class='test-status right pass'>pass</span>
					</div>
					<div class='test-content hide'>
<div class='test-time-info'>
	<span class='label start-time'>Mar 27, 2020 10:54:03 PM</span>
	<span class='label end-time'>Mar 27, 2020 10:54:37 PM</span>
	<span class='label time-taken grey lighten-1 white-text'>0h 0m 33s+788ms</span>
</div>
<div class='test-steps'>
	<table class='bordered table-results'>
		<thead>
			<tr>
				<th>Status</th>
				<th>Timestamp</th>
				<th>Details</th>
			</tr>
		</thead>
		<tbody>
			<tr class='log' status='pass'>
				<td class='status pass' title='pass' alt='pass'><i class='material-icons'>check_circle</i></td>
				<td class='timestamp'>10:54:37 PM</td>
				<td class='step-details'>
						Test case passed
					
				</td>
			</tr>
		</tbody>
	</table>
</div>
					</div>
				</li>
				<li class='test displayed active  pass' status='pass' bdd='false' test-id='31'>
					<div class='test-heading'>
						<span class='test-name'>Validate that user is not able to search policy without entering any data</span>
						<span class='test-time'>Mar 27, 2020 10:54:37 PM</span>
						<span class='test-status right pass'>pass</span>
					</div>
					<div class='test-content hide'>
<div class='test-time-info'>
	<span class='label start-time'>Mar 27, 2020 10:54:37 PM</span>
	<span class='label end-time'>Mar 27, 2020 10:55:12 PM</span>
	<span class='label time-taken grey lighten-1 white-text'>0h 0m 35s+801ms</span>
</div>
<div class='test-steps'>
	<table class='bordered table-results'>
		<thead>
			<tr>
				<th>Status</th>
				<th>Timestamp</th>
				<th>Details</th>
			</tr>
		</thead>
		<tbody>
			<tr class='log' status='pass'>
				<td class='status pass' title='pass' alt='pass'><i class='material-icons'>check_circle</i></td>
				<td class='timestamp'>10:55:12 PM</td>
				<td class='step-details'>
						Test case passed
					
				</td>
			</tr>
		</tbody>
	</table>
</div>
					</div>
				</li>
				<li class='test displayed active  pass' status='pass' bdd='false' test-id='32'>
					<div class='test-heading'>
						<span class='test-name'>Verifying links on policy detail page-Resend COI</span>
						<span class='test-time'>Mar 27, 2020 10:59:02 PM</span>
						<span class='test-status right pass'>pass</span>
					</div>
					<div class='test-content hide'>
<div class='test-time-info'>
	<span class='label start-time'>Mar 27, 2020 10:59:02 PM</span>
	<span class='label end-time'>Mar 27, 2020 10:59:02 PM</span>
	<span class='label time-taken grey lighten-1 white-text'>0h 0m 0s+175ms</span>
</div>
<div class='test-steps'>
	<table class='bordered table-results'>
		<thead>
			<tr>
				<th>Status</th>
				<th>Timestamp</th>
				<th>Details</th>
			</tr>
		</thead>
		<tbody>
			<tr class='log' status='pass'>
				<td class='status pass' title='pass' alt='pass'><i class='material-icons'>check_circle</i></td>
				<td class='timestamp'>10:59:02 PM</td>
				<td class='step-details'>
						Test case passed
					
				</td>
			</tr>
		</tbody>
	</table>
</div>
					</div>
				</li>
				<li class='test displayed active  pass' status='pass' bdd='false' test-id='33'>
					<div class='test-heading'>
						<span class='test-name'>Verifying links on policy detail page-View/Download COI</span>
						<span class='test-time'>Mar 27, 2020 10:59:02 PM</span>
						<span class='test-status right pass'>pass</span>
					</div>
					<div class='test-content hide'>
<div class='test-time-info'>
	<span class='label start-time'>Mar 27, 2020 10:59:02 PM</span>
	<span class='label end-time'>Mar 27, 2020 10:59:02 PM</span>
	<span class='label time-taken grey lighten-1 white-text'>0h 0m 0s+94ms</span>
</div>
<div class='test-steps'>
	<table class='bordered table-results'>
		<thead>
			<tr>
				<th>Status</th>
				<th>Timestamp</th>
				<th>Details</th>
			</tr>
		</thead>
		<tbody>
			<tr class='log' status='pass'>
				<td class='status pass' title='pass' alt='pass'><i class='material-icons'>check_circle</i></td>
				<td class='timestamp'>10:59:02 PM</td>
				<td class='step-details'>
						Test case passed
					
				</td>
			</tr>
		</tbody>
	</table>
</div>
					</div>
				</li>
				<li class='test displayed active  pass' status='pass' bdd='false' test-id='34'>
					<div class='test-heading'>
						<span class='test-name'>Verifying links on policy detail page-View PDS</span>
						<span class='test-time'>Mar 27, 2020 10:59:02 PM</span>
						<span class='test-status right pass'>pass</span>
					</div>
					<div class='test-content hide'>
<div class='test-time-info'>
	<span class='label start-time'>Mar 27, 2020 10:59:02 PM</span>
	<span class='label end-time'>Mar 27, 2020 10:59:10 PM</span>
	<span class='label time-taken grey lighten-1 white-text'>0h 0m 8s+511ms</span>
</div>
<div class='test-steps'>
	<table class='bordered table-results'>
		<thead>
			<tr>
				<th>Status</th>
				<th>Timestamp</th>
				<th>Details</th>
			</tr>
		</thead>
		<tbody>
			<tr class='log' status='pass'>
				<td class='status pass' title='pass' alt='pass'><i class='material-icons'>check_circle</i></td>
				<td class='timestamp'>10:59:10 PM</td>
				<td class='step-details'>
						Test case passed
					
				</td>
			</tr>
		</tbody>
	</table>
</div>
					</div>
				</li>
				<li class='test displayed active  pass' status='pass' bdd='false' test-id='35'>
					<div class='test-heading'>
						<span class='test-name'>Validating Login Button without credentials</span>
						<span class='test-time'>Mar 27, 2020 11:01:13 PM</span>
						<span class='test-status right pass'>pass</span>
					</div>
					<div class='test-content hide'>
<div class='test-time-info'>
	<span class='label start-time'>Mar 27, 2020 11:01:13 PM</span>
	<span class='label end-time'>Mar 27, 2020 11:01:17 PM</span>
	<span class='label time-taken grey lighten-1 white-text'>0h 0m 4s+251ms</span>
</div>
<div class='test-steps'>
	<table class='bordered table-results'>
		<thead>
			<tr>
				<th>Status</th>
				<th>Timestamp</th>
				<th>Details</th>
			</tr>
		</thead>
		<tbody>
			<tr class='log' status='pass'>
				<td class='status pass' title='pass' alt='pass'><i class='material-icons'>check_circle</i></td>
				<td class='timestamp'>11:01:17 PM</td>
				<td class='step-details'>
						Test case passed
					
				</td>
			</tr>
		</tbody>
	</table>
</div>
					</div>
				</li>
				<li class='test displayed active  pass' status='pass' bdd='false' test-id='36'>
					<div class='test-heading'>
						<span class='test-name'>Validating Login Button without pwd</span>
						<span class='test-time'>Mar 27, 2020 11:01:17 PM</span>
						<span class='test-status right pass'>pass</span>
					</div>
					<div class='test-content hide'>
<div class='test-time-info'>
	<span class='label start-time'>Mar 27, 2020 11:01:17 PM</span>
	<span class='label end-time'>Mar 27, 2020 11:01:26 PM</span>
	<span class='label time-taken grey lighten-1 white-text'>0h 0m 8s+335ms</span>
</div>
<div class='test-steps'>
	<table class='bordered table-results'>
		<thead>
			<tr>
				<th>Status</th>
				<th>Timestamp</th>
				<th>Details</th>
			</tr>
		</thead>
		<tbody>
			<tr class='log' status='pass'>
				<td class='status pass' title='pass' alt='pass'><i class='material-icons'>check_circle</i></td>
				<td class='timestamp'>11:01:26 PM</td>
				<td class='step-details'>
						Test case passed
					
				</td>
			</tr>
		</tbody>
	</table>
</div>
					</div>
				</li>
				<li class='test displayed active  pass' status='pass' bdd='false' test-id='37'>
					<div class='test-heading'>
						<span class='test-name'>Validating Login Button with wrongCredentials</span>
						<span class='test-time'>Mar 27, 2020 11:01:26 PM</span>
						<span class='test-status right pass'>pass</span>
					</div>
					<div class='test-content hide'>
<div class='test-time-info'>
	<span class='label start-time'>Mar 27, 2020 11:01:26 PM</span>
	<span class='label end-time'>Mar 27, 2020 11:01:30 PM</span>
	<span class='label time-taken grey lighten-1 white-text'>0h 0m 4s+333ms</span>
</div>
<div class='test-steps'>
	<table class='bordered table-results'>
		<thead>
			<tr>
				<th>Status</th>
				<th>Timestamp</th>
				<th>Details</th>
			</tr>
		</thead>
		<tbody>
			<tr class='log' status='pass'>
				<td class='status pass' title='pass' alt='pass'><i class='material-icons'>check_circle</i></td>
				<td class='timestamp'>11:01:30 PM</td>
				<td class='step-details'>
						Test case passed
					
				</td>
			</tr>
		</tbody>
	</table>
</div>
					</div>
				</li>
				<li class='test displayed active  pass' status='pass' bdd='false' test-id='38'>
					<div class='test-heading'>
						<span class='test-name'>Validating Login Button with valid credentials</span>
						<span class='test-time'>Mar 27, 2020 11:01:30 PM</span>
						<span class='test-status right pass'>pass</span>
					</div>
					<div class='test-content hide'>
<div class='test-time-info'>
	<span class='label start-time'>Mar 27, 2020 11:01:30 PM</span>
	<span class='label end-time'>Mar 27, 2020 11:02:00 PM</span>
	<span class='label time-taken grey lighten-1 white-text'>0h 0m 30s+305ms</span>
</div>
<div class='test-steps'>
	<table class='bordered table-results'>
		<thead>
			<tr>
				<th>Status</th>
				<th>Timestamp</th>
				<th>Details</th>
			</tr>
		</thead>
		<tbody>
			<tr class='log' status='pass'>
				<td class='status pass' title='pass' alt='pass'><i class='material-icons'>check_circle</i></td>
				<td class='timestamp'>11:02:00 PM</td>
				<td class='step-details'>
						Test case passed
					
				</td>
			</tr>
		</tbody>
	</table>
</div>
					</div>
				</li>
				<li class='test displayed active  pass' status='pass' bdd='false' test-id='39'>
					<div class='test-heading'>
						<span class='test-name'>Updating Trip Details and increasing to date by two months and doing payment by cash</span>
						<span class='test-time'>Mar 27, 2020 11:04:06 PM</span>
						<span class='test-status right pass'>pass</span>
					</div>
					<div class='test-content hide'>
<div class='test-time-info'>
	<span class='label start-time'>Mar 27, 2020 11:04:06 PM</span>
	<span class='label end-time'>Mar 27, 2020 11:06:53 PM</span>
	<span class='label time-taken grey lighten-1 white-text'>0h 2m 46s+588ms</span>
</div>
<div class='test-steps'>
	<table class='bordered table-results'>
		<thead>
			<tr>
				<th>Status</th>
				<th>Timestamp</th>
				<th>Details</th>
			</tr>
		</thead>
		<tbody>
			<tr class='log' status='pass'>
				<td class='status pass' title='pass' alt='pass'><i class='material-icons'>check_circle</i></td>
				<td class='timestamp'>11:06:12 PM</td>
				<td class='step-details'>
						Test case passed
					
				</td>
			</tr>
			<tr class='log' status='pass'>
				<td class='status pass' title='pass' alt='pass'><i class='material-icons'>check_circle</i></td>
				<td class='timestamp'>11:06:25 PM</td>
				<td class='step-details'>
						Test case passed
					
				</td>
			</tr>
			<tr class='log' status='pass'>
				<td class='status pass' title='pass' alt='pass'><i class='material-icons'>check_circle</i></td>
				<td class='timestamp'>11:06:38 PM</td>
				<td class='step-details'>
						Test case passed
					
				</td>
			</tr>
			<tr class='log' status='pass'>
				<td class='status pass' title='pass' alt='pass'><i class='material-icons'>check_circle</i></td>
				<td class='timestamp'>11:06:51 PM</td>
				<td class='step-details'>
						Test case passed
					
				</td>
			</tr>
			<tr class='log' status='pass'>
				<td class='status pass' title='pass' alt='pass'><i class='material-icons'>check_circle</i></td>
				<td class='timestamp'>11:06:53 PM</td>
				<td class='step-details'>
						Test case passed
					
				</td>
			</tr>
		</tbody>
	</table>
</div>
					</div>
				</li>
				<li class='test displayed active  pass' status='pass' bdd='false' test-id='40'>
					<div class='test-heading'>
						<span class='test-name'>Updating Trip Details and increasing to date by two months and doing payment by cash</span>
						<span class='test-time'>Mar 27, 2020 11:09:00 PM</span>
						<span class='test-status right pass'>pass</span>
					</div>
					<div class='test-content hide'>
<div class='test-time-info'>
	<span class='label start-time'>Mar 27, 2020 11:09:00 PM</span>
	<span class='label end-time'>Mar 27, 2020 11:13:47 PM</span>
	<span class='label time-taken grey lighten-1 white-text'>0h 4m 47s+423ms</span>
</div>
<div class='test-steps'>
	<table class='bordered table-results'>
		<thead>
			<tr>
				<th>Status</th>
				<th>Timestamp</th>
				<th>Details</th>
			</tr>
		</thead>
		<tbody>
			<tr class='log' status='pass'>
				<td class='status pass' title='pass' alt='pass'><i class='material-icons'>check_circle</i></td>
				<td class='timestamp'>11:13:47 PM</td>
				<td class='step-details'>
						Test case passed
					
				</td>
			</tr>
		</tbody>
	</table>
</div>
					</div>
				</li>
				<li class='test displayed active  pass' status='pass' bdd='false' test-id='41'>
					<div class='test-heading'>
						<span class='test-name'>Updating Trip Details increasing To date by two months and doing payment Online anad Validating the same amount in PolicyMovemnet</span>
						<span class='test-time'>Mar 27, 2020 11:15:55 PM</span>
						<span class='test-status right pass'>pass</span>
					</div>
					<div class='test-content hide'>
<div class='test-time-info'>
	<span class='label start-time'>Mar 27, 2020 11:15:55 PM</span>
	<span class='label end-time'>Mar 27, 2020 11:20:29 PM</span>
	<span class='label time-taken grey lighten-1 white-text'>0h 4m 33s+285ms</span>
</div>
<div class='test-steps'>
	<table class='bordered table-results'>
		<thead>
			<tr>
				<th>Status</th>
				<th>Timestamp</th>
				<th>Details</th>
			</tr>
		</thead>
		<tbody>
			<tr class='log' status='pass'>
				<td class='status pass' title='pass' alt='pass'><i class='material-icons'>check_circle</i></td>
				<td class='timestamp'>11:20:29 PM</td>
				<td class='step-details'>
						Test case passed
					
				</td>
			</tr>
		</tbody>
	</table>
</div>
					</div>
				</li>
				<li class='test displayed active  fail' status='fail' bdd='false' test-id='42'>
					<div class='test-heading'>
						<span class='test-name'>Updating Detinatioin in Trip Details and increasing to date by two months and doing payment Online anad Validating the same amount in PolicyMovemnet</span>
						<span class='test-time'>Mar 27, 2020 11:22:35 PM</span>
						<span class='test-status right fail'>fail</span>
					</div>
					<div class='test-content hide'>
<div class='test-time-info'>
	<span class='label start-time'>Mar 27, 2020 11:22:35 PM</span>
	<span class='label end-time'>Mar 27, 2020 11:25:59 PM</span>
	<span class='label time-taken grey lighten-1 white-text'>0h 3m 23s+740ms</span>
</div>
<div class='test-steps'>
	<table class='bordered table-results'>
		<thead>
			<tr>
				<th>Status</th>
				<th>Timestamp</th>
				<th>Details</th>
			</tr>
		</thead>
		<tbody>
			<tr class='log' status='fail'>
				<td class='status fail' title='fail' alt='fail'><i class='material-icons'>cancel</i></td>
				<td class='timestamp'>11:25:59 PM</td>
				<td class='step-details'>
						Test Failed due to    java.lang.AssertionError: no continue payemnt button button found expected [true] but found [false]org.testng.TestRunner@9f46d94
					<img class='r-img' onerror='this.style.display="none"' data-featherlight='D:\PAS2703\RACV./Screenshots/PAS_03_27_2020_23_25_59.png' src='D:\PAS2703\RACV./Screenshots/PAS_03_27_2020_23_25_59.png' data-src='D:\PAS2703\RACV./Screenshots/PAS_03_27_2020_23_25_59.png'>
				</td>
			</tr>
		</tbody>
	</table>
</div>
					</div>
				</li>
				<li class='test displayed active  pass' status='pass' bdd='false' test-id='43'>
					<div class='test-heading'>
						<span class='test-name'>Validating Add dependent functionality with respective to issue Endorsement</span>
						<span class='test-time'>Mar 27, 2020 11:30:18 PM</span>
						<span class='test-status right pass'>pass</span>
					</div>
					<div class='test-content hide'>
<div class='test-time-info'>
	<span class='label start-time'>Mar 27, 2020 11:30:18 PM</span>
	<span class='label end-time'>Mar 27, 2020 11:32:35 PM</span>
	<span class='label time-taken grey lighten-1 white-text'>0h 2m 17s+219ms</span>
</div>
<div class='test-steps'>
	<table class='bordered table-results'>
		<thead>
			<tr>
				<th>Status</th>
				<th>Timestamp</th>
				<th>Details</th>
			</tr>
		</thead>
		<tbody>
			<tr class='log' status='pass'>
				<td class='status pass' title='pass' alt='pass'><i class='material-icons'>check_circle</i></td>
				<td class='timestamp'>11:32:35 PM</td>
				<td class='step-details'>
						Test case passed
					
				</td>
			</tr>
		</tbody>
	</table>
</div>
					</div>
				</li>
				<li class='test displayed active  fail' status='fail' bdd='false' test-id='44'>
					<div class='test-heading'>
						<span class='test-name'>Validating Add dependent functionality with respective to issue Endorsement</span>
						<span class='test-time'>Mar 27, 2020 11:36:42 PM</span>
						<span class='test-status right fail'>fail</span>
					</div>
					<div class='test-content hide'>
<div class='test-time-info'>
	<span class='label start-time'>Mar 27, 2020 11:36:42 PM</span>
	<span class='label end-time'>Mar 27, 2020 11:36:44 PM</span>
	<span class='label time-taken grey lighten-1 white-text'>0h 0m 1s+801ms</span>
</div>
<div class='test-steps'>
	<table class='bordered table-results'>
		<thead>
			<tr>
				<th>Status</th>
				<th>Timestamp</th>
				<th>Details</th>
			</tr>
		</thead>
		<tbody>
			<tr class='log' status='fail'>
				<td class='status fail' title='fail' alt='fail'><i class='material-icons'>cancel</i></td>
				<td class='timestamp'>11:36:44 PM</td>
				<td class='step-details'>
						Test Failed due to    org.openqa.selenium.ElementClickInterceptedException: element click intercepted: Element <i _ngcontent-lqb-c9="" class="far fa-edit" data-toggle="modal"></i> is not clickable at point (592, 554). Other element would receive the click: <div _ngcontent-lqb-c3="" class="overlay-custom-container"></div>
  (Session info: chrome=80.0.3987.149)
Build info: version: '3.141.59', revision: 'e82be7d358', time: '2018-11-14T08:17:03'
System info: host: 'LAP-TZD-0X73500', ip: '192.168.0.104', os.name: 'Windows 10', os.arch: 'amd64', os.version: '10.0', java.version: '1.8.0_231'
Driver info: org.openqa.selenium.chrome.ChromeDriver
Capabilities {acceptInsecureCerts: false, browserName: chrome, browserVersion: 80.0.3987.149, chrome: {chromedriverVersion: 80.0.3987.16 (320f6526c1632..., userDataDir: C:\Users\VIDHUK~1.VIK\AppDa...}, goog:chromeOptions: {debuggerAddress: localhost:55720}, javascriptEnabled: true, networkConnectionEnabled: false, pageLoadStrategy: normal, platform: WINDOWS, platformName: WINDOWS, proxy: Proxy(), setWindowRect: true, strictFileInteractability: false, timeouts: {implicit: 0, pageLoad: 300000, script: 30000}, unhandledPromptBehavior: dismiss and notify}
Session ID: 74a4b62ed8f0a0b8759bc1c78971166forg.testng.TestRunner@9f46d94
					<img class='r-img' onerror='this.style.display="none"' data-featherlight='D:\PAS2703\RACV./Screenshots/PAS_03_27_2020_23_36_44.png' src='D:\PAS2703\RACV./Screenshots/PAS_03_27_2020_23_36_44.png' data-src='D:\PAS2703\RACV./Screenshots/PAS_03_27_2020_23_36_44.png'>
				</td>
			</tr>
		</tbody>
	</table>
</div>
					</div>
				</li>
				<li class='test displayed active  pass' status='pass' bdd='false' test-id='45'>
					<div class='test-heading'>
						<span class='test-name'>Validating Add dependent functionality with respective to issue Endorsement</span>
						<span class='test-time'>Mar 27, 2020 11:40:37 PM</span>
						<span class='test-status right pass'>pass</span>
					</div>
					<div class='test-content hide'>
<div class='test-time-info'>
	<span class='label start-time'>Mar 27, 2020 11:40:37 PM</span>
	<span class='label end-time'>Mar 27, 2020 11:41:11 PM</span>
	<span class='label time-taken grey lighten-1 white-text'>0h 0m 34s+78ms</span>
</div>
<div class='test-steps'>
	<table class='bordered table-results'>
		<thead>
			<tr>
				<th>Status</th>
				<th>Timestamp</th>
				<th>Details</th>
			</tr>
		</thead>
		<tbody>
			<tr class='log' status='pass'>
				<td class='status pass' title='pass' alt='pass'><i class='material-icons'>check_circle</i></td>
				<td class='timestamp'>11:41:11 PM</td>
				<td class='step-details'>
						Test case passed
					
				</td>
			</tr>
		</tbody>
	</table>
</div>
					</div>
				</li>
				<li class='test displayed active  pass' status='pass' bdd='false' test-id='46'>
					<div class='test-heading'>
						<span class='test-name'>Validating Add dependent functionality with respective error msg</span>
						<span class='test-time'>Mar 27, 2020 11:45:24 PM</span>
						<span class='test-status right pass'>pass</span>
					</div>
					<div class='test-content hide'>
<div class='test-time-info'>
	<span class='label start-time'>Mar 27, 2020 11:45:24 PM</span>
	<span class='label end-time'>Mar 27, 2020 11:45:41 PM</span>
	<span class='label time-taken grey lighten-1 white-text'>0h 0m 16s+876ms</span>
</div>
<div class='test-steps'>
	<table class='bordered table-results'>
		<thead>
			<tr>
				<th>Status</th>
				<th>Timestamp</th>
				<th>Details</th>
			</tr>
		</thead>
		<tbody>
			<tr class='log' status='pass'>
				<td class='status pass' title='pass' alt='pass'><i class='material-icons'>check_circle</i></td>
				<td class='timestamp'>11:45:41 PM</td>
				<td class='step-details'>
						Test case passed
					
				</td>
			</tr>
		</tbody>
	</table>
</div>
					</div>
				</li>
				<li class='test displayed active  pass' status='pass' bdd='false' test-id='47'>
					<div class='test-heading'>
						<span class='test-name'>Creating Promo Code on Manage Promo Code Page</span>
						<span class='test-time'>Mar 27, 2020 11:48:35 PM</span>
						<span class='test-status right pass'>pass</span>
					</div>
					<div class='test-content hide'>
<div class='test-time-info'>
	<span class='label start-time'>Mar 27, 2020 11:48:35 PM</span>
	<span class='label end-time'>Mar 27, 2020 11:49:05 PM</span>
	<span class='label time-taken grey lighten-1 white-text'>0h 0m 30s+216ms</span>
</div>
<div class='test-steps'>
	<table class='bordered table-results'>
		<thead>
			<tr>
				<th>Status</th>
				<th>Timestamp</th>
				<th>Details</th>
			</tr>
		</thead>
		<tbody>
			<tr class='log' status='pass'>
				<td class='status pass' title='pass' alt='pass'><i class='material-icons'>check_circle</i></td>
				<td class='timestamp'>11:49:05 PM</td>
				<td class='step-details'>
						Test case passed
					
				</td>
			</tr>
		</tbody>
	</table>
</div>
					</div>
				</li>
				<li class='test displayed active  pass' status='pass' bdd='false' test-id='48'>
					<div class='test-heading'>
						<span class='test-name'>Validating created code using search functionality and deleting the same code</span>
						<span class='test-time'>Mar 27, 2020 11:51:58 PM</span>
						<span class='test-status right pass'>pass</span>
					</div>
					<div class='test-content hide'>
<div class='test-time-info'>
	<span class='label start-time'>Mar 27, 2020 11:51:58 PM</span>
	<span class='label end-time'>Mar 27, 2020 11:52:14 PM</span>
	<span class='label time-taken grey lighten-1 white-text'>0h 0m 16s+342ms</span>
</div>
<div class='test-steps'>
	<table class='bordered table-results'>
		<thead>
			<tr>
				<th>Status</th>
				<th>Timestamp</th>
				<th>Details</th>
			</tr>
		</thead>
		<tbody>
			<tr class='log' status='pass'>
				<td class='status pass' title='pass' alt='pass'><i class='material-icons'>check_circle</i></td>
				<td class='timestamp'>11:52:14 PM</td>
				<td class='step-details'>
						Test case passed
					
				</td>
			</tr>
		</tbody>
	</table>
</div>
					</div>
				</li>
				<li class='test displayed active  pass' status='pass' bdd='false' test-id='49'>
					<div class='test-heading'>
						<span class='test-name'>Validating deleted code should not be searched</span>
						<span class='test-time'>Mar 27, 2020 11:55:08 PM</span>
						<span class='test-status right pass'>pass</span>
					</div>
					<div class='test-content hide'>
<div class='test-time-info'>
	<span class='label start-time'>Mar 27, 2020 11:55:08 PM</span>
	<span class='label end-time'>Mar 27, 2020 11:55:25 PM</span>
	<span class='label time-taken grey lighten-1 white-text'>0h 0m 17s+369ms</span>
</div>
<div class='test-steps'>
	<table class='bordered table-results'>
		<thead>
			<tr>
				<th>Status</th>
				<th>Timestamp</th>
				<th>Details</th>
			</tr>
		</thead>
		<tbody>
			<tr class='log' status='pass'>
				<td class='status pass' title='pass' alt='pass'><i class='material-icons'>check_circle</i></td>
				<td class='timestamp'>11:55:25 PM</td>
				<td class='step-details'>
						Test case passed
					
				</td>
			</tr>
		</tbody>
	</table>
</div>
					</div>
				</li>
				<li class='test displayed active  fail' status='fail' bdd='false' test-id='50'>
					<div class='test-heading'>
						<span class='test-name'>Validating Cancel Button Functionality</span>
						<span class='test-time'>Mar 27, 2020 11:58:49 PM</span>
						<span class='test-status right fail'>fail</span>
					</div>
					<div class='test-content hide'>
<div class='test-time-info'>
	<span class='label start-time'>Mar 27, 2020 11:58:49 PM</span>
	<span class='label end-time'>Mar 27, 2020 11:59:21 PM</span>
	<span class='label time-taken grey lighten-1 white-text'>0h 0m 31s+694ms</span>
</div>
<div class='test-steps'>
	<table class='bordered table-results'>
		<thead>
			<tr>
				<th>Status</th>
				<th>Timestamp</th>
				<th>Details</th>
			</tr>
		</thead>
		<tbody>
			<tr class='log' status='fail'>
				<td class='status fail' title='fail' alt='fail'><i class='material-icons'>cancel</i></td>
				<td class='timestamp'>11:59:21 PM</td>
				<td class='step-details'>
						Test Failed due to    java.lang.AssertionError: Failed due to this errorThere was an error processing your refund. Please contact Tokio Marine support expected [true] but found [false]org.testng.TestRunner@9f46d94
					<img class='r-img' onerror='this.style.display="none"' data-featherlight='D:\PAS2703\RACV./Screenshots/PAS_03_27_2020_23_59_21.png' src='D:\PAS2703\RACV./Screenshots/PAS_03_27_2020_23_59_21.png' data-src='D:\PAS2703\RACV./Screenshots/PAS_03_27_2020_23_59_21.png'>
				</td>
			</tr>
		</tbody>
	</table>
</div>
					</div>
				</li>
				<li class='test displayed active  pass' status='pass' bdd='false' test-id='51'>
					<div class='test-heading'>
						<span class='test-name'>Verify whether the user is able to navigate to Manage Users Page</span>
						<span class='test-time'>Mar 28, 2020 12:01:28 AM</span>
						<span class='test-status right pass'>pass</span>
					</div>
					<div class='test-content hide'>
<div class='test-time-info'>
	<span class='label start-time'>Mar 28, 2020 12:01:28 AM</span>
	<span class='label end-time'>Mar 28, 2020 12:02:13 AM</span>
	<span class='label time-taken grey lighten-1 white-text'>0h 0m 44s+947ms</span>
</div>
<div class='test-steps'>
	<table class='bordered table-results'>
		<thead>
			<tr>
				<th>Status</th>
				<th>Timestamp</th>
				<th>Details</th>
			</tr>
		</thead>
		<tbody>
			<tr class='log' status='pass'>
				<td class='status pass' title='pass' alt='pass'><i class='material-icons'>check_circle</i></td>
				<td class='timestamp'>12:02:13 AM</td>
				<td class='step-details'>
						Test case passed
					
				</td>
			</tr>
		</tbody>
	</table>
</div>
					</div>
				</li>
				<li class='test displayed active  pass' status='pass' bdd='false' test-id='52'>
					<div class='test-heading'>
						<span class='test-name'>Verify whether the user is able to Add new user.</span>
						<span class='test-time'>Mar 28, 2020 12:02:13 AM</span>
						<span class='test-status right pass'>pass</span>
					</div>
					<div class='test-content hide'>
<div class='test-time-info'>
	<span class='label start-time'>Mar 28, 2020 12:02:13 AM</span>
	<span class='label end-time'>Mar 28, 2020 12:03:42 AM</span>
	<span class='label time-taken grey lighten-1 white-text'>0h 1m 28s+553ms</span>
</div>
<div class='test-steps'>
	<table class='bordered table-results'>
		<thead>
			<tr>
				<th>Status</th>
				<th>Timestamp</th>
				<th>Details</th>
			</tr>
		</thead>
		<tbody>
			<tr class='log' status='pass'>
				<td class='status pass' title='pass' alt='pass'><i class='material-icons'>check_circle</i></td>
				<td class='timestamp'>12:03:42 AM</td>
				<td class='step-details'>
						Test case passed
					
				</td>
			</tr>
		</tbody>
	</table>
</div>
					</div>
				</li>
				<li class='test displayed active  pass' status='pass' bdd='false' test-id='53'>
					<div class='test-heading'>
						<span class='test-name'>Verify whether the system shows error message if we leave Email Field Blank</span>
						<span class='test-time'>Mar 28, 2020 12:03:42 AM</span>
						<span class='test-status right pass'>pass</span>
					</div>
					<div class='test-content hide'>
<div class='test-time-info'>
	<span class='label start-time'>Mar 28, 2020 12:03:42 AM</span>
	<span class='label end-time'>Mar 28, 2020 12:04:36 AM</span>
	<span class='label time-taken grey lighten-1 white-text'>0h 0m 54s+251ms</span>
</div>
<div class='test-steps'>
	<table class='bordered table-results'>
		<thead>
			<tr>
				<th>Status</th>
				<th>Timestamp</th>
				<th>Details</th>
			</tr>
		</thead>
		<tbody>
			<tr class='log' status='pass'>
				<td class='status pass' title='pass' alt='pass'><i class='material-icons'>check_circle</i></td>
				<td class='timestamp'>12:04:36 AM</td>
				<td class='step-details'>
						Test case passed
					
				</td>
			</tr>
		</tbody>
	</table>
</div>
					</div>
				</li>
				<li class='test displayed active  pass' status='pass' bdd='false' test-id='54'>
					<div class='test-heading'>
						<span class='test-name'>Verify whether the system shows error message if we leave First Name Field Blank</span>
						<span class='test-time'>Mar 28, 2020 12:04:36 AM</span>
						<span class='test-status right pass'>pass</span>
					</div>
					<div class='test-content hide'>
<div class='test-time-info'>
	<span class='label start-time'>Mar 28, 2020 12:04:36 AM</span>
	<span class='label end-time'>Mar 28, 2020 12:04:36 AM</span>
	<span class='label time-taken grey lighten-1 white-text'>0h 0m 0s+24ms</span>
</div>
<div class='test-steps'>
	<table class='bordered table-results'>
		<thead>
			<tr>
				<th>Status</th>
				<th>Timestamp</th>
				<th>Details</th>
			</tr>
		</thead>
		<tbody>
			<tr class='log' status='pass'>
				<td class='status pass' title='pass' alt='pass'><i class='material-icons'>check_circle</i></td>
				<td class='timestamp'>12:04:36 AM</td>
				<td class='step-details'>
						Test case passed
					
				</td>
			</tr>
		</tbody>
	</table>
</div>
					</div>
				</li>
				<li class='test displayed active  pass' status='pass' bdd='false' test-id='55'>
					<div class='test-heading'>
						<span class='test-name'>Verify whether the system shows error message if we leave Last Name Field Blank</span>
						<span class='test-time'>Mar 28, 2020 12:04:36 AM</span>
						<span class='test-status right pass'>pass</span>
					</div>
					<div class='test-content hide'>
<div class='test-time-info'>
	<span class='label start-time'>Mar 28, 2020 12:04:36 AM</span>
	<span class='label end-time'>Mar 28, 2020 12:04:38 AM</span>
	<span class='label time-taken grey lighten-1 white-text'>0h 0m 2s+102ms</span>
</div>
<div class='test-steps'>
	<table class='bordered table-results'>
		<thead>
			<tr>
				<th>Status</th>
				<th>Timestamp</th>
				<th>Details</th>
			</tr>
		</thead>
		<tbody>
			<tr class='log' status='pass'>
				<td class='status pass' title='pass' alt='pass'><i class='material-icons'>check_circle</i></td>
				<td class='timestamp'>12:04:38 AM</td>
				<td class='step-details'>
						Test case passed
					
				</td>
			</tr>
		</tbody>
	</table>
</div>
					</div>
				</li>
				<li class='test displayed active  pass' status='pass' bdd='false' test-id='56'>
					<div class='test-heading'>
						<span class='test-name'>Verify whether the user is able to edit the manage user</span>
						<span class='test-time'>Mar 28, 2020 12:04:38 AM</span>
						<span class='test-status right pass'>pass</span>
					</div>
					<div class='test-content hide'>
<div class='test-time-info'>
	<span class='label start-time'>Mar 28, 2020 12:04:38 AM</span>
	<span class='label end-time'>Mar 28, 2020 12:05:41 AM</span>
	<span class='label time-taken grey lighten-1 white-text'>0h 1m 2s+669ms</span>
</div>
<div class='test-steps'>
	<table class='bordered table-results'>
		<thead>
			<tr>
				<th>Status</th>
				<th>Timestamp</th>
				<th>Details</th>
			</tr>
		</thead>
		<tbody>
			<tr class='log' status='pass'>
				<td class='status pass' title='pass' alt='pass'><i class='material-icons'>check_circle</i></td>
				<td class='timestamp'>12:05:41 AM</td>
				<td class='step-details'>
						Test case passed
					
				</td>
			</tr>
		</tbody>
	</table>
</div>
					</div>
				</li>
				<li class='test displayed active  pass' status='pass' bdd='false' test-id='57'>
					<div class='test-heading'>
						<span class='test-name'>Validating ManageBranches page</span>
						<span class='test-time'>Mar 28, 2020 12:08:50 AM</span>
						<span class='test-status right pass'>pass</span>
					</div>
					<div class='test-content hide'>
<div class='test-time-info'>
	<span class='label start-time'>Mar 28, 2020 12:08:50 AM</span>
	<span class='label end-time'>Mar 28, 2020 12:08:50 AM</span>
	<span class='label time-taken grey lighten-1 white-text'>0h 0m 0s+101ms</span>
</div>
<div class='test-steps'>
	<table class='bordered table-results'>
		<thead>
			<tr>
				<th>Status</th>
				<th>Timestamp</th>
				<th>Details</th>
			</tr>
		</thead>
		<tbody>
			<tr class='log' status='pass'>
				<td class='status pass' title='pass' alt='pass'><i class='material-icons'>check_circle</i></td>
				<td class='timestamp'>12:08:50 AM</td>
				<td class='step-details'>
						Test case passed
					
				</td>
			</tr>
		</tbody>
	</table>
</div>
					</div>
				</li>
				<li class='test displayed active  fail' status='fail' bdd='false' test-id='58'>
					<div class='test-heading'>
						<span class='test-name'>Input data in add branch</span>
						<span class='test-time'>Mar 28, 2020 12:08:50 AM</span>
						<span class='test-status right fail'>fail</span>
					</div>
					<div class='test-content hide'>
<div class='test-time-info'>
	<span class='label start-time'>Mar 28, 2020 12:08:50 AM</span>
	<span class='label end-time'>Mar 28, 2020 12:09:19 AM</span>
	<span class='label time-taken grey lighten-1 white-text'>0h 0m 29s+637ms</span>
</div>
<div class='test-steps'>
	<table class='bordered table-results'>
		<thead>
			<tr>
				<th>Status</th>
				<th>Timestamp</th>
				<th>Details</th>
			</tr>
		</thead>
		<tbody>
			<tr class='log' status='fail'>
				<td class='status fail' title='fail' alt='fail'><i class='material-icons'>cancel</i></td>
				<td class='timestamp'>12:09:19 AM</td>
				<td class='step-details'>
						Test Failed due to    org.openqa.selenium.NoSuchElementException: no such element: Unable to locate element: {"method":"xpath","selector":"//button[contains(text(),'Save')]"}
  (Session info: chrome=80.0.3987.149)
For documentation on this error, please visit: https://www.seleniumhq.org/exceptions/no_such_element.html
Build info: version: '3.141.59', revision: 'e82be7d358', time: '2018-11-14T08:17:03'
System info: host: 'LAP-TZD-0X73500', ip: '192.168.0.104', os.name: 'Windows 10', os.arch: 'amd64', os.version: '10.0', java.version: '1.8.0_231'
Driver info: org.openqa.selenium.chrome.ChromeDriver
Capabilities {acceptInsecureCerts: false, browserName: chrome, browserVersion: 80.0.3987.149, chrome: {chromedriverVersion: 80.0.3987.16 (320f6526c1632..., userDataDir: C:\Users\VIDHUK~1.VIK\AppDa...}, goog:chromeOptions: {debuggerAddress: localhost:55720}, javascriptEnabled: true, networkConnectionEnabled: false, pageLoadStrategy: normal, platform: WINDOWS, platformName: WINDOWS, proxy: Proxy(), setWindowRect: true, strictFileInteractability: false, timeouts: {implicit: 0, pageLoad: 300000, script: 30000}, unhandledPromptBehavior: dismiss and notify}
Session ID: 74a4b62ed8f0a0b8759bc1c78971166f
*** Element info: {Using=xpath, value=//button[contains(text(),'Save')]}org.testng.TestRunner@9f46d94
					<img class='r-img' onerror='this.style.display="none"' data-featherlight='D:\PAS2703\RACV./Screenshots/PAS_03_28_2020_00_09_19.png' src='D:\PAS2703\RACV./Screenshots/PAS_03_28_2020_00_09_19.png' data-src='D:\PAS2703\RACV./Screenshots/PAS_03_28_2020_00_09_19.png'>
				</td>
			</tr>
		</tbody>
	</table>
</div>
					</div>
				</li>
				<li class='test displayed active  fail' status='fail' bdd='false' test-id='59'>
					<div class='test-heading'>
						<span class='test-name'>Validating SuccessFul message after adding branch</span>
						<span class='test-time'>Mar 28, 2020 12:09:19 AM</span>
						<span class='test-status right fail'>fail</span>
					</div>
					<div class='test-content hide'>
<div class='test-time-info'>
	<span class='label start-time'>Mar 28, 2020 12:09:19 AM</span>
	<span class='label end-time'>Mar 28, 2020 12:09:30 AM</span>
	<span class='label time-taken grey lighten-1 white-text'>0h 0m 10s+401ms</span>
</div>
<div class='test-steps'>
	<table class='bordered table-results'>
		<thead>
			<tr>
				<th>Status</th>
				<th>Timestamp</th>
				<th>Details</th>
			</tr>
		</thead>
		<tbody>
			<tr class='log' status='fail'>
				<td class='status fail' title='fail' alt='fail'><i class='material-icons'>cancel</i></td>
				<td class='timestamp'>12:09:30 AM</td>
				<td class='step-details'>
						Test Failed due to    org.openqa.selenium.NoSuchElementException: no such element: Unable to locate element: {"method":"xpath","selector":"//div[contains(text(),'successfully')]"}
  (Session info: chrome=80.0.3987.149)
For documentation on this error, please visit: https://www.seleniumhq.org/exceptions/no_such_element.html
Build info: version: '3.141.59', revision: 'e82be7d358', time: '2018-11-14T08:17:03'
System info: host: 'LAP-TZD-0X73500', ip: '192.168.0.104', os.name: 'Windows 10', os.arch: 'amd64', os.version: '10.0', java.version: '1.8.0_231'
Driver info: org.openqa.selenium.chrome.ChromeDriver
Capabilities {acceptInsecureCerts: false, browserName: chrome, browserVersion: 80.0.3987.149, chrome: {chromedriverVersion: 80.0.3987.16 (320f6526c1632..., userDataDir: C:\Users\VIDHUK~1.VIK\AppDa...}, goog:chromeOptions: {debuggerAddress: localhost:55720}, javascriptEnabled: true, networkConnectionEnabled: false, pageLoadStrategy: normal, platform: WINDOWS, platformName: WINDOWS, proxy: Proxy(), setWindowRect: true, strictFileInteractability: false, timeouts: {implicit: 0, pageLoad: 300000, script: 30000}, unhandledPromptBehavior: dismiss and notify}
Session ID: 74a4b62ed8f0a0b8759bc1c78971166f
*** Element info: {Using=xpath, value=//div[contains(text(),'successfully')]}org.testng.TestRunner@9f46d94
					<img class='r-img' onerror='this.style.display="none"' data-featherlight='D:\PAS2703\RACV./Screenshots/PAS_03_28_2020_00_09_30.png' src='D:\PAS2703\RACV./Screenshots/PAS_03_28_2020_00_09_30.png' data-src='D:\PAS2703\RACV./Screenshots/PAS_03_28_2020_00_09_30.png'>
				</td>
			</tr>
		</tbody>
	</table>
</div>
					</div>
				</li>
				<li class='test displayed active  fail' status='fail' bdd='false' test-id='60'>
					<div class='test-heading'>
						<span class='test-name'>Validating branch added SuccessFully</span>
						<span class='test-time'>Mar 28, 2020 12:09:30 AM</span>
						<span class='test-status right fail'>fail</span>
					</div>
					<div class='test-content hide'>
<div class='test-time-info'>
	<span class='label start-time'>Mar 28, 2020 12:09:30 AM</span>
	<span class='label end-time'>Mar 28, 2020 12:10:16 AM</span>
	<span class='label time-taken grey lighten-1 white-text'>0h 0m 46s+299ms</span>
</div>
<div class='test-steps'>
	<table class='bordered table-results'>
		<thead>
			<tr>
				<th>Status</th>
				<th>Timestamp</th>
				<th>Details</th>
			</tr>
		</thead>
		<tbody>
			<tr class='log' status='fail'>
				<td class='status fail' title='fail' alt='fail'><i class='material-icons'>cancel</i></td>
				<td class='timestamp'>12:10:16 AM</td>
				<td class='step-details'>
						Test Failed due to    org.openqa.selenium.ElementNotInteractableException: element not interactable
  (Session info: chrome=80.0.3987.149)
Build info: version: '3.141.59', revision: 'e82be7d358', time: '2018-11-14T08:17:03'
System info: host: 'LAP-TZD-0X73500', ip: '192.168.0.104', os.name: 'Windows 10', os.arch: 'amd64', os.version: '10.0', java.version: '1.8.0_231'
Driver info: org.openqa.selenium.chrome.ChromeDriver
Capabilities {acceptInsecureCerts: false, browserName: chrome, browserVersion: 80.0.3987.149, chrome: {chromedriverVersion: 80.0.3987.16 (320f6526c1632..., userDataDir: C:\Users\VIDHUK~1.VIK\AppDa...}, goog:chromeOptions: {debuggerAddress: localhost:55720}, javascriptEnabled: true, networkConnectionEnabled: false, pageLoadStrategy: normal, platform: WINDOWS, platformName: WINDOWS, proxy: Proxy(), setWindowRect: true, strictFileInteractability: false, timeouts: {implicit: 0, pageLoad: 300000, script: 30000}, unhandledPromptBehavior: dismiss and notify}
Session ID: 74a4b62ed8f0a0b8759bc1c78971166forg.testng.TestRunner@9f46d94
					<img class='r-img' onerror='this.style.display="none"' data-featherlight='D:\PAS2703\RACV./Screenshots/PAS_03_28_2020_00_10_16.png' src='D:\PAS2703\RACV./Screenshots/PAS_03_28_2020_00_10_16.png' data-src='D:\PAS2703\RACV./Screenshots/PAS_03_28_2020_00_10_16.png'>
				</td>
			</tr>
		</tbody>
	</table>
</div>
					</div>
				</li>
				<li class='test displayed active  fail' status='fail' bdd='false' test-id='61'>
					<div class='test-heading'>
						<span class='test-name'>Editing branch name and validating the message after updating</span>
						<span class='test-time'>Mar 28, 2020 12:10:16 AM</span>
						<span class='test-status right fail'>fail</span>
					</div>
					<div class='test-content hide'>
<div class='test-time-info'>
	<span class='label start-time'>Mar 28, 2020 12:10:16 AM</span>
	<span class='label end-time'>Mar 28, 2020 12:10:26 AM</span>
	<span class='label time-taken grey lighten-1 white-text'>0h 0m 10s+385ms</span>
</div>
<div class='test-steps'>
	<table class='bordered table-results'>
		<thead>
			<tr>
				<th>Status</th>
				<th>Timestamp</th>
				<th>Details</th>
			</tr>
		</thead>
		<tbody>
			<tr class='log' status='fail'>
				<td class='status fail' title='fail' alt='fail'><i class='material-icons'>cancel</i></td>
				<td class='timestamp'>12:10:26 AM</td>
				<td class='step-details'>
						Test Failed due to    org.openqa.selenium.NoSuchElementException: no such element: Unable to locate element: {"method":"xpath","selector":"//*[text()='null']/following::a[1]"}
  (Session info: chrome=80.0.3987.149)
For documentation on this error, please visit: https://www.seleniumhq.org/exceptions/no_such_element.html
Build info: version: '3.141.59', revision: 'e82be7d358', time: '2018-11-14T08:17:03'
System info: host: 'LAP-TZD-0X73500', ip: '192.168.0.104', os.name: 'Windows 10', os.arch: 'amd64', os.version: '10.0', java.version: '1.8.0_231'
Driver info: org.openqa.selenium.chrome.ChromeDriver
Capabilities {acceptInsecureCerts: false, browserName: chrome, browserVersion: 80.0.3987.149, chrome: {chromedriverVersion: 80.0.3987.16 (320f6526c1632..., userDataDir: C:\Users\VIDHUK~1.VIK\AppDa...}, goog:chromeOptions: {debuggerAddress: localhost:55720}, javascriptEnabled: true, networkConnectionEnabled: false, pageLoadStrategy: normal, platform: WINDOWS, platformName: WINDOWS, proxy: Proxy(), setWindowRect: true, strictFileInteractability: false, timeouts: {implicit: 0, pageLoad: 300000, script: 30000}, unhandledPromptBehavior: dismiss and notify}
Session ID: 74a4b62ed8f0a0b8759bc1c78971166f
*** Element info: {Using=xpath, value=//*[text()='null']/following::a[1]}org.testng.TestRunner@9f46d94
					<img class='r-img' onerror='this.style.display="none"' data-featherlight='D:\PAS2703\RACV./Screenshots/PAS_03_28_2020_00_10_26.png' src='D:\PAS2703\RACV./Screenshots/PAS_03_28_2020_00_10_26.png' data-src='D:\PAS2703\RACV./Screenshots/PAS_03_28_2020_00_10_26.png'>
				</td>
			</tr>
		</tbody>
	</table>
</div>
					</div>
				</li>
				<li class='test displayed active  fail' status='fail' bdd='false' test-id='62'>
					<div class='test-heading'>
						<span class='test-name'>Validating branch updated SuccessFully</span>
						<span class='test-time'>Mar 28, 2020 12:10:26 AM</span>
						<span class='test-status right fail'>fail</span>
					</div>
					<div class='test-content hide'>
<div class='test-time-info'>
	<span class='label start-time'>Mar 28, 2020 12:10:26 AM</span>
	<span class='label end-time'>Mar 28, 2020 12:11:13 AM</span>
	<span class='label time-taken grey lighten-1 white-text'>0h 0m 46s+303ms</span>
</div>
<div class='test-steps'>
	<table class='bordered table-results'>
		<thead>
			<tr>
				<th>Status</th>
				<th>Timestamp</th>
				<th>Details</th>
			</tr>
		</thead>
		<tbody>
			<tr class='log' status='fail'>
				<td class='status fail' title='fail' alt='fail'><i class='material-icons'>cancel</i></td>
				<td class='timestamp'>12:11:13 AM</td>
				<td class='step-details'>
						Test Failed due to    org.openqa.selenium.ElementNotInteractableException: element not interactable
  (Session info: chrome=80.0.3987.149)
Build info: version: '3.141.59', revision: 'e82be7d358', time: '2018-11-14T08:17:03'
System info: host: 'LAP-TZD-0X73500', ip: '192.168.0.104', os.name: 'Windows 10', os.arch: 'amd64', os.version: '10.0', java.version: '1.8.0_231'
Driver info: org.openqa.selenium.chrome.ChromeDriver
Capabilities {acceptInsecureCerts: false, browserName: chrome, browserVersion: 80.0.3987.149, chrome: {chromedriverVersion: 80.0.3987.16 (320f6526c1632..., userDataDir: C:\Users\VIDHUK~1.VIK\AppDa...}, goog:chromeOptions: {debuggerAddress: localhost:55720}, javascriptEnabled: true, networkConnectionEnabled: false, pageLoadStrategy: normal, platform: WINDOWS, platformName: WINDOWS, proxy: Proxy(), setWindowRect: true, strictFileInteractability: false, timeouts: {implicit: 0, pageLoad: 300000, script: 30000}, unhandledPromptBehavior: dismiss and notify}
Session ID: 74a4b62ed8f0a0b8759bc1c78971166forg.testng.TestRunner@9f46d94
					<img class='r-img' onerror='this.style.display="none"' data-featherlight='D:\PAS2703\RACV./Screenshots/PAS_03_28_2020_00_11_13.png' src='D:\PAS2703\RACV./Screenshots/PAS_03_28_2020_00_11_13.png' data-src='D:\PAS2703\RACV./Screenshots/PAS_03_28_2020_00_11_13.png'>
				</td>
			</tr>
		</tbody>
	</table>
</div>
					</div>
				</li>
				<li class='test displayed active  fail' status='fail' bdd='false' test-id='63'>
					<div class='test-heading'>
						<span class='test-name'>Deleting branch and validating message</span>
						<span class='test-time'>Mar 28, 2020 12:11:13 AM</span>
						<span class='test-status right fail'>fail</span>
					</div>
					<div class='test-content hide'>
<div class='test-time-info'>
	<span class='label start-time'>Mar 28, 2020 12:11:13 AM</span>
	<span class='label end-time'>Mar 28, 2020 12:11:23 AM</span>
	<span class='label time-taken grey lighten-1 white-text'>0h 0m 10s+413ms</span>
</div>
<div class='test-steps'>
	<table class='bordered table-results'>
		<thead>
			<tr>
				<th>Status</th>
				<th>Timestamp</th>
				<th>Details</th>
			</tr>
		</thead>
		<tbody>
			<tr class='log' status='fail'>
				<td class='status fail' title='fail' alt='fail'><i class='material-icons'>cancel</i></td>
				<td class='timestamp'>12:11:23 AM</td>
				<td class='step-details'>
						Test Failed due to    org.openqa.selenium.NoSuchElementException: no such element: Unable to locate element: {"method":"xpath","selector":"//*[text()='null']/following::a[2]"}
  (Session info: chrome=80.0.3987.149)
For documentation on this error, please visit: https://www.seleniumhq.org/exceptions/no_such_element.html
Build info: version: '3.141.59', revision: 'e82be7d358', time: '2018-11-14T08:17:03'
System info: host: 'LAP-TZD-0X73500', ip: '192.168.0.104', os.name: 'Windows 10', os.arch: 'amd64', os.version: '10.0', java.version: '1.8.0_231'
Driver info: org.openqa.selenium.chrome.ChromeDriver
Capabilities {acceptInsecureCerts: false, browserName: chrome, browserVersion: 80.0.3987.149, chrome: {chromedriverVersion: 80.0.3987.16 (320f6526c1632..., userDataDir: C:\Users\VIDHUK~1.VIK\AppDa...}, goog:chromeOptions: {debuggerAddress: localhost:55720}, javascriptEnabled: true, networkConnectionEnabled: false, pageLoadStrategy: normal, platform: WINDOWS, platformName: WINDOWS, proxy: Proxy(), setWindowRect: true, strictFileInteractability: false, timeouts: {implicit: 0, pageLoad: 300000, script: 30000}, unhandledPromptBehavior: dismiss and notify}
Session ID: 74a4b62ed8f0a0b8759bc1c78971166f
*** Element info: {Using=xpath, value=//*[text()='null']/following::a[2]}org.testng.TestRunner@9f46d94
					<img class='r-img' onerror='this.style.display="none"' data-featherlight='D:\PAS2703\RACV./Screenshots/PAS_03_28_2020_00_11_23.png' src='D:\PAS2703\RACV./Screenshots/PAS_03_28_2020_00_11_23.png' data-src='D:\PAS2703\RACV./Screenshots/PAS_03_28_2020_00_11_23.png'>
				</td>
			</tr>
		</tbody>
	</table>
</div>
					</div>
				</li>
				<li class='test displayed active  fail' status='fail' bdd='false' test-id='64'>
					<div class='test-heading'>
						<span class='test-name'>Validate branch deleted successfully</span>
						<span class='test-time'>Mar 28, 2020 12:11:23 AM</span>
						<span class='test-status right fail'>fail</span>
					</div>
					<div class='test-content hide'>
<div class='test-time-info'>
	<span class='label start-time'>Mar 28, 2020 12:11:23 AM</span>
	<span class='label end-time'>Mar 28, 2020 12:12:09 AM</span>
	<span class='label time-taken grey lighten-1 white-text'>0h 0m 46s+213ms</span>
</div>
<div class='test-steps'>
	<table class='bordered table-results'>
		<thead>
			<tr>
				<th>Status</th>
				<th>Timestamp</th>
				<th>Details</th>
			</tr>
		</thead>
		<tbody>
			<tr class='log' status='fail'>
				<td class='status fail' title='fail' alt='fail'><i class='material-icons'>cancel</i></td>
				<td class='timestamp'>12:12:09 AM</td>
				<td class='step-details'>
						Test Failed due to    org.openqa.selenium.ElementNotInteractableException: element not interactable
  (Session info: chrome=80.0.3987.149)
Build info: version: '3.141.59', revision: 'e82be7d358', time: '2018-11-14T08:17:03'
System info: host: 'LAP-TZD-0X73500', ip: '192.168.0.104', os.name: 'Windows 10', os.arch: 'amd64', os.version: '10.0', java.version: '1.8.0_231'
Driver info: org.openqa.selenium.chrome.ChromeDriver
Capabilities {acceptInsecureCerts: false, browserName: chrome, browserVersion: 80.0.3987.149, chrome: {chromedriverVersion: 80.0.3987.16 (320f6526c1632..., userDataDir: C:\Users\VIDHUK~1.VIK\AppDa...}, goog:chromeOptions: {debuggerAddress: localhost:55720}, javascriptEnabled: true, networkConnectionEnabled: false, pageLoadStrategy: normal, platform: WINDOWS, platformName: WINDOWS, proxy: Proxy(), setWindowRect: true, strictFileInteractability: false, timeouts: {implicit: 0, pageLoad: 300000, script: 30000}, unhandledPromptBehavior: dismiss and notify}
Session ID: 74a4b62ed8f0a0b8759bc1c78971166forg.testng.TestRunner@9f46d94
					<img class='r-img' onerror='this.style.display="none"' data-featherlight='D:\PAS2703\RACV./Screenshots/PAS_03_28_2020_00_12_09.png' src='D:\PAS2703\RACV./Screenshots/PAS_03_28_2020_00_12_09.png' data-src='D:\PAS2703\RACV./Screenshots/PAS_03_28_2020_00_12_09.png'>
				</td>
			</tr>
		</tbody>
	</table>
</div>
					</div>
				</li>
				<li class='test displayed active  fail' status='fail' bdd='false' test-id='65'>
					<div class='test-heading'>
						<span class='test-name'>Updating Detination in Trip Details and increasing to date by two months and comparing additonal premium and medical score before and after replacing the destination</span>
						<span class='test-time'>Mar 28, 2020 12:14:42 AM</span>
						<span class='test-status right fail'>fail</span>
					</div>
					<div class='test-content hide'>
<div class='test-time-info'>
	<span class='label start-time'>Mar 28, 2020 12:14:42 AM</span>
	<span class='label end-time'>Mar 28, 2020 12:16:42 AM</span>
	<span class='label time-taken grey lighten-1 white-text'>0h 1m 59s+898ms</span>
</div>
<div class='test-steps'>
	<table class='bordered table-results'>
		<thead>
			<tr>
				<th>Status</th>
				<th>Timestamp</th>
				<th>Details</th>
			</tr>
		</thead>
		<tbody>
			<tr class='log' status='fail'>
				<td class='status fail' title='fail' alt='fail'><i class='material-icons'>cancel</i></td>
				<td class='timestamp'>12:16:42 AM</td>
				<td class='step-details'>
						Test Failed due to    java.lang.AssertionError: Select a Policy with medical condition expected [true] but found [false]org.testng.TestRunner@9f46d94
					<img class='r-img' onerror='this.style.display="none"' data-featherlight='D:\PAS2703\RACV./Screenshots/PAS_03_28_2020_00_16_42.png' src='D:\PAS2703\RACV./Screenshots/PAS_03_28_2020_00_16_42.png' data-src='D:\PAS2703\RACV./Screenshots/PAS_03_28_2020_00_16_42.png'>
				</td>
			</tr>
		</tbody>
	</table>
</div>
					</div>
				</li>
				<li class='test displayed active  fail' status='fail' bdd='false' test-id='66'>
					<div class='test-heading'>
						<span class='test-name'>Adding New Destination with the Existing one and validate medical premium before and after change</span>
						<span class='test-time'>Mar 28, 2020 12:18:50 AM</span>
						<span class='test-status right fail'>fail</span>
					</div>
					<div class='test-content hide'>
<div class='test-time-info'>
	<span class='label start-time'>Mar 28, 2020 12:18:50 AM</span>
	<span class='label end-time'>Mar 28, 2020 12:20:44 AM</span>
	<span class='label time-taken grey lighten-1 white-text'>0h 1m 54s+332ms</span>
</div>
<div class='test-steps'>
	<table class='bordered table-results'>
		<thead>
			<tr>
				<th>Status</th>
				<th>Timestamp</th>
				<th>Details</th>
			</tr>
		</thead>
		<tbody>
			<tr class='log' status='fail'>
				<td class='status fail' title='fail' alt='fail'><i class='material-icons'>cancel</i></td>
				<td class='timestamp'>12:20:44 AM</td>
				<td class='step-details'>
						Test Failed due to    java.lang.AssertionError: Select a Policy with medical condition expected [true] but found [false]org.testng.TestRunner@9f46d94
					<img class='r-img' onerror='this.style.display="none"' data-featherlight='D:\PAS2703\RACV./Screenshots/PAS_03_28_2020_00_20_44.png' src='D:\PAS2703\RACV./Screenshots/PAS_03_28_2020_00_20_44.png' data-src='D:\PAS2703\RACV./Screenshots/PAS_03_28_2020_00_20_44.png'>
				</td>
			</tr>
		</tbody>
	</table>
</div>
					</div>
				</li>
				<li class='test displayed active  fail' status='fail' bdd='false' test-id='67'>
					<div class='test-heading'>
						<span class='test-name'>Updating Travel plan and verifying whether the additional premium and medical score is getting changed after updating travel plan</span>
						<span class='test-time'>Mar 28, 2020 12:22:56 AM</span>
						<span class='test-status right fail'>fail</span>
					</div>
					<div class='test-content hide'>
<div class='test-time-info'>
	<span class='label start-time'>Mar 28, 2020 12:22:56 AM</span>
	<span class='label end-time'>Mar 28, 2020 12:24:55 AM</span>
	<span class='label time-taken grey lighten-1 white-text'>0h 1m 59s+509ms</span>
</div>
<div class='test-steps'>
	<table class='bordered table-results'>
		<thead>
			<tr>
				<th>Status</th>
				<th>Timestamp</th>
				<th>Details</th>
			</tr>
		</thead>
		<tbody>
			<tr class='log' status='fail'>
				<td class='status fail' title='fail' alt='fail'><i class='material-icons'>cancel</i></td>
				<td class='timestamp'>12:24:55 AM</td>
				<td class='step-details'>
						Test Failed due to    java.lang.AssertionError: Select a Policy with medical condition expected [true] but found [false]org.testng.TestRunner@9f46d94
					<img class='r-img' onerror='this.style.display="none"' data-featherlight='D:\PAS2703\RACV./Screenshots/PAS_03_28_2020_00_24_55.png' src='D:\PAS2703\RACV./Screenshots/PAS_03_28_2020_00_24_55.png' data-src='D:\PAS2703\RACV./Screenshots/PAS_03_28_2020_00_24_55.png'>
				</td>
			</tr>
		</tbody>
	</table>
</div>
					</div>
				</li>
				<li class='test displayed active  pass' status='pass' bdd='false' test-id='68'>
					<div class='test-heading'>
						<span class='test-name'>Updating Name, Contact details and mobile no in the Travellers Endorsement and verifying whether the additional premium and medical score is getting changed after edit.</span>
						<span class='test-time'>Mar 28, 2020 12:27:03 AM</span>
						<span class='test-status right pass'>pass</span>
					</div>
					<div class='test-content hide'>
<div class='test-time-info'>
	<span class='label start-time'>Mar 28, 2020 12:27:03 AM</span>
	<span class='label end-time'>Mar 28, 2020 12:30:41 AM</span>
	<span class='label time-taken grey lighten-1 white-text'>0h 3m 37s+810ms</span>
</div>
<div class='test-steps'>
	<table class='bordered table-results'>
		<thead>
			<tr>
				<th>Status</th>
				<th>Timestamp</th>
				<th>Details</th>
			</tr>
		</thead>
		<tbody>
			<tr class='log' status='pass'>
				<td class='status pass' title='pass' alt='pass'><i class='material-icons'>check_circle</i></td>
				<td class='timestamp'>12:30:41 AM</td>
				<td class='step-details'>
						Test case passed
					
				</td>
			</tr>
		</tbody>
	</table>
</div>
					</div>
				</li>
				<li class='test displayed active  fail' status='fail' bdd='false' test-id='69'>
					<div class='test-heading'>
						<span class='test-name'>Updating Age in the Travellers Endorsement and verifying whether the additional premium and medical score is getting changed after edit.</span>
						<span class='test-time'>Mar 28, 2020 12:32:48 AM</span>
						<span class='test-status right fail'>fail</span>
					</div>
					<div class='test-content hide'>
<div class='test-time-info'>
	<span class='label start-time'>Mar 28, 2020 12:32:48 AM</span>
	<span class='label end-time'>Mar 28, 2020 12:34:43 AM</span>
	<span class='label time-taken grey lighten-1 white-text'>0h 1m 54s+846ms</span>
</div>
<div class='test-steps'>
	<table class='bordered table-results'>
		<thead>
			<tr>
				<th>Status</th>
				<th>Timestamp</th>
				<th>Details</th>
			</tr>
		</thead>
		<tbody>
			<tr class='log' status='fail'>
				<td class='status fail' title='fail' alt='fail'><i class='material-icons'>cancel</i></td>
				<td class='timestamp'>12:34:43 AM</td>
				<td class='step-details'>
						Test Failed due to    java.lang.AssertionError: Select a Policy with medical condition expected [true] but found [false]org.testng.TestRunner@9f46d94
					<img class='r-img' onerror='this.style.display="none"' data-featherlight='D:\PAS2703\RACV./Screenshots/PAS_03_28_2020_00_34_43.png' src='D:\PAS2703\RACV./Screenshots/PAS_03_28_2020_00_34_43.png' data-src='D:\PAS2703\RACV./Screenshots/PAS_03_28_2020_00_34_43.png'>
				</td>
			</tr>
		</tbody>
	</table>
</div>
					</div>
				</li>
			</ul>
		</div>
	</div>
	<!-- subview left -->
	<div class='subview-right left'>
		<div class='view-summary'>
			<div id='step-filters' class="right sr-filters">
				<a class="btn-floating waves-effect waves-light green" status="pass" alt="pass" title="pass"><i class="material-icons">check_circle</i></a>
				<a class="btn-floating waves-effect waves-light red" status="fail" alt="fail" title="fail"><i class="material-icons">cancel</i></a>
				<a class="btn-floating waves-effect waves-light red darken-4" status="fatal" alt="fatal" title="fatal"><i class="material-icons">cancel</i></a>
				<a class="btn-floating waves-effect waves-light pink text-lighten-1" status="error" alt="error" title="error"><i class="material-icons">error</i></a>
				<a class="btn-floating waves-effect waves-light orange" alt="warning" status="warning" title="warning"><i class="material-icons">warning</i></a>
				<a class="btn-floating waves-effect waves-light teal" status="skip" alt="skip" title="skip"><i class="material-icons">redo</i></a>
				<a class="btn-floating waves-effect waves-light grey" status="clear" alt="Clear filters" title="Clear filters"><i class="material-icons">clear</i></a>
			</div>
			<h5 class='test-name'></h5>
		</div>
	</div>
	<!-- subview right -->
</div>
<!-- test view --><!-- category view --><!-- exception view --><div id='dashboard-view' class='view hide'>
	<div class='card-panel transparent np-v'>
		<h5>Dashboard</h5>

		<div class='row'>
			<div class='col s2'>
				<div class='card-panel r'>
					Tests
					<div class='panel-lead'>69</div>
				</div>
			</div>
			<div class='col s2'>
				<div class='card-panel r'>
					Steps
					<div class='panel-lead'>0</div>
				</div>
			</div>
			<div class='col s2'>
				<div class='card-panel r'>
					Start
					<div class='panel-lead'>Mar 27, 2020 09:31:25 PM</div>
				</div>
			</div>
			<div class='col s2'>
				<div class='card-panel r'>
			 		End
			 		<div class='panel-lead'>Mar 28, 2020 12:34:43 AM</div>
				</div>
			</div>
			<div class='col s2'>
				<div class='card-panel r'>
					Time Taken
					<div class='panel-lead'>3h 3m 18s+71ms</div>
				</div>
			</div>
		</div>
	</div>
</div>
<!-- dashboard view -->
<!-- testrunner-logs view -->		</div>
		<!-- container -->
		<script>
			var statusGroup = {
                parentCount: 69,
				passParent: 52,
				failParent: 17,
				fatalParent: 0,
				errorParent: 0,
				warningParent: 0,
				skipParent: 0,
				exceptionsParent: 17,
				childCount: 0,
				passChild: 0,
				failChild: 0,
				fatalChild: 0,
				errorChild: 0,
				warningChild: 0,
				skipChild: 0,
				infoChild: 0,
				debugChild: 0,
				exceptionsChild: 0,
				grandChildCount: 0,
				passGrandChild: 0,
				failGrandChild: 0,
				fatalGrandChild: 0,
				errorGrandChild: 0,
				warningGrandChild: 0,
				skipGrandChild: 0,
				infoGrandChild: 0,
				debugGrandChild: 0,
				exceptionsGrandChild: 0,
			};
		</script>
		<script>
			var timeline = {
			        "Validating medical conditions":117.807,"Validating policy type for Domestic Trip":0.092,"Validating dependent for Domestic trip":43.295,"Doing payment for Domestic trip":97.584,"Validating policy type for Annual Multi Trip":0.101,"Validating dependent for Annual multi trip":43.394,"Doing payment for Annual Multi trip":125.9,"Validate that user is not able to save the quote when user leave address field as blank":64.876,"Validate that user is not able to save the quote when user leave confirm email address field as blank":9.06,"Validate that user is not able to save the quote when user leave email address field as blank":9.054,"Validate that user is not able to save the quote when user leave phone number field as blank":9.019,"Validate that user is not able to save the quote when user leave post code field as blank":9.081,"Validate that user is not able to save the quote when user leave subrb field as blank":9.069,"Validate user is able to change DOB for primary and secondry traveller":194.906,"Validate that user is able to add secondry traveller on policy":107.876,"After adding secondry traveller on policy doing payment":99.105,"Validate that user is able to modify first name,last name and DOB for primary traveller.":191.354,"Validate user is able to delete traveller":100.349,"Validate user is not able to add promo code without selecting auto club":9.563,"Validate user is not able to add promo code without selecting auto club":9.603,"Validate user is not able to add promo code without entering effective/expiry date":9.554,"Validate user is not able to add promo code without entering promo code number":9.609,"Validate user is not able to add promo code without entering promo code number":9.796,"Validating Travel Coverage by changing covrage and initiating refund":151.278,"Validate that user is able to clear all search field":34.97,"Validate that user is able to search quote with first name.":64.598,"Validate that user is able to search quote with last name.":65.579,"Validate that user is able to search quote with quote number":58.602,"Validate that user is not able to search policy with first name":32.817,"Validate that user is not able to search policy with last name":33.788,"Validate that user is not able to search policy without entering any data":35.801,"Verifying links on policy detail page-Resend COI":0.175,"Verifying links on policy detail page-View/Download COI":0.094,"Verifying links on policy detail page-View PDS":8.511,"Validating Login Button without credentials":4.251,"Validating Login Button without pwd":8.335,"Validating Login Button with wrongCredentials":4.333,"Validating Login Button with valid credentials":30.305,"Updating Trip Details and increasing to date by two months and doing payment by cash":166.588,"Updating Trip Details and increasing to date by two months and doing payment by cash":287.423,"Updating Trip Details increasing To date by two months and doing payment Online anad Validating the same amount in PolicyMovemnet":273.285,"Updating Detinatioin in Trip Details and increasing to date by two months and doing payment Online anad Validating the same amount in PolicyMovemnet":203.74,"Validating Add dependent functionality with respective to issue Endorsement":137.219,"Validating Add dependent functionality with respective to issue Endorsement":1.801,"Validating Add dependent functionality with respective to issue Endorsement":34.078,"Validating Add dependent functionality with respective error msg":16.876,"Creating Promo Code on Manage Promo Code Page":30.216,"Validating created code using search functionality and deleting the same code":16.342,"Validating deleted code should not be searched":17.369,"Validating Cancel Button Functionality":31.694,"Verify whether the user is able to navigate to Manage Users Page":44.947,"Verify whether the user is able to Add new user.":88.553,"Verify whether the system shows error message if we leave Email Field Blank":54.251,"Verify whether the system shows error message if we leave First Name Field Blank":0.024,"Verify whether the system shows error message if we leave Last Name Field Blank":2.102,"Verify whether the user is able to edit the manage user":62.669,"Validating ManageBranches page":0.101,"Input data in add branch":29.637,"Validating SuccessFul message after adding branch":10.401,"Validating branch added SuccessFully":46.299,"Editing branch name and validating the message after updating":10.385,"Validating branch updated SuccessFully":46.303,"Deleting branch and validating message":10.413,"Validate branch deleted successfully":46.213,"Updating Detination in Trip Details and increasing to date by two months and comparing additonal premium and medical score before and after replacing the destination":119.898,"Adding New Destination with the Existing one and validate medical premium before and after change":114.332,"Updating Travel plan and verifying whether the additional premium and medical score is getting changed after updating travel plan":119.509,"Updating Name, Contact details and mobile no in the Travellers Endorsement and verifying whether the additional premium and medical score is getting changed after edit.":217.81,"Updating Age in the Travellers Endorsement and verifying whether the additional premium and medical score is getting changed after edit.":114.846
			};
		</script>
		<script src='https://cdn.rawgit.com/extent-framework/extent-github-cdn/b65cd69/v3html/js/extent.js' type='text/javascript'></script>
		<script type='text/javascript'>
		</script>
	</body>
</html>