<?xml version="1.0" encoding="UTF-8"?>
<!-- Generated by org.testng.reporters.JUnitReportReporter -->
<testsuite skipped="7" hostname="LAP-TZD-1x74463" name="RACVTests.AdditionalPayementE2E" tests="8" failures="0" timestamp="28 Feb 2020 19:46:24 GMT" time="0.635" errors="1">
  <testcase name="setUpSuite" time="0.635" classname="RACVTests.AdditionalPayementE2E">
    <error type="java.lang.NoClassDefFoundError" message="freemarker/template/TemplateModelException">
      <![CDATA[java.lang.NoClassDefFoundError: freemarker/template/TemplateModelException
at RACVPages.BaseClass.setUpSuite(BaseClass.java:38)
at sun.reflect.NativeMethodAccessorImpl.invoke0(Native Method)
at sun.reflect.NativeMethodAccessorImpl.invoke(NativeMethodAccessorImpl.java:62)
at sun.reflect.DelegatingMethodAccessorImpl.invoke(DelegatingMethodAccessorImpl.java:43)
at java.lang.reflect.Method.invoke(Method.java:498)
at org.testng.internal.MethodInvocationHelper.invokeMethod(MethodInvocationHelper.java:124)
at org.testng.internal.MethodInvocationHelper.invokeMethodConsideringTimeout(MethodInvocationHelper.java:59)
at org.testng.internal.Invoker.invokeConfigurationMethod(Invoker.java:458)
at org.testng.internal.Invoker.invokeConfigurations(Invoker.java:222)
at org.testng.internal.Invoker.invokeConfigurations(Invoker.java:142)
at org.testng.SuiteRunner.privateRun(SuiteRunner.java:401)
at org.testng.SuiteRunner.run(SuiteRunner.java:364)
at org.testng.SuiteRunnerWorker.runSuite(SuiteRunnerWorker.java:52)
at org.testng.SuiteRunnerWorker.run(SuiteRunnerWorker.java:84)
at org.testng.TestNG.runSuitesSequentially(TestNG.java:1208)
at org.testng.TestNG.runSuitesLocally(TestNG.java:1137)
at org.testng.TestNG.runSuites(TestNG.java:1049)
at org.testng.TestNG.run(TestNG.java:1017)
at org.testng.remote.AbstractRemoteTestNG.run(AbstractRemoteTestNG.java:132)
at org.testng.remote.RemoteTestNG.initAndRun(RemoteTestNG.java:230)
at org.testng.remote.RemoteTestNG.main(RemoteTestNG.java:76)
Caused by: java.lang.ClassNotFoundException: freemarker.template.TemplateModelException
at java.net.URLClassLoader.findClass(URLClassLoader.java:381)
at java.lang.ClassLoader.loadClass(ClassLoader.java:424)
at sun.misc.Launcher$AppClassLoader.loadClass(Launcher.java:335)
at java.lang.ClassLoader.loadClass(ClassLoader.java:357)
... 21 more
]]>
    </error>
  </testcase> <!-- setUpSuite -->
  <testcase name="loginApp" time="0.000" classname="RACVTests.AdditionalPayementE2E">
    <skipped/>
  </testcase> <!-- loginApp -->
  <testcase name="clickPolicyNumber" time="0.000" classname="RACVTests.AdditionalPayementE2E">
    <skipped/>
  </testcase> <!-- clickPolicyNumber -->
  <testcase name="updatePolicy" time="0.000" classname="RACVTests.AdditionalPayementE2E">
    <skipped/>
  </testcase> <!-- updatePolicy -->
  <testcase name="updateNotes" time="0.000" classname="RACVTests.AdditionalPayementE2E">
    <skipped/>
  </testcase> <!-- updateNotes -->
  <testcase name="continuetoPaymentButtonValidation" time="0.000" classname="RACVTests.AdditionalPayementE2E">
    <skipped/>
  </testcase> <!-- continuetoPaymentButtonValidation -->
  <testcase name="verfiyAdditionalPayemntCash" time="0.000" classname="RACVTests.AdditionalPayementE2E">
    <skipped/>
  </testcase> <!-- verfiyAdditionalPayemntCash -->
  <testcase name="confirmAdditionalPayment" time="0.000" classname="RACVTests.AdditionalPayementE2E">
    <skipped/>
  </testcase> <!-- confirmAdditionalPayment -->
</testsuite> <!-- RACVTests.AdditionalPayementE2E -->
